<?xml version="1.0" encoding="UTF-8"?>
<testsuite name="AccountServiceTest" tests="1" skipped="0" failures="0" errors="0" timestamp="2023-06-28T17:48:13" hostname="DESKTOP-4O6GG5D" time="5.835">
  <properties/>
  <testcase name="start" classname="AccountServiceTest" time="5.835"/>
  <system-out><![CDATA[?[1;31m
Start test 1?[0m
?[0;34m
?[0m?[0;34m  .   ____          _            __ _ _
?[0m?[0;34m /\\ / ___'_ __ _ _(_)_ __  __ _ \ \ \ \
?[0m?[0;34m( ( )\___ | '_ | '_| | '_ \/ _` | \ \ \ \
?[0m?[0;34m \\/  ___)| |_)| | | | | || (_| |  ) ) ) )
?[0m?[0;34m  '  |____| .__|_| |_|_| |_\__, | / / / /
?[0m?[0;34m =========|_|==============|___/=/_/_/_/
?[0m?[0;34m?[32m :: Spring Boot :: ?[39m              ?[2m (v3.0.2)?[0;39m
?[0m?[0;34m
?[0m?[0;34m?[2m2023-06-28T13:48:13.590-04:00?[0;39m ?[32m INFO?[0;39m ?[35m5672?[0;39m ?[2m---?[0;39m ?[2m[    Test worker]?[0;39m ?[36maccount.AccountServiceApplication       ?[0;39m ?[2m:?[0;39m Starting AccountServiceApplication using Java 17.0.6 with PID 5672 (started by mikec in E:\New folder\Account Service\Account Service\task)
?[0m?[0;34m?[2m2023-06-28T13:48:13.594-04:00?[0;39m ?[32m INFO?[0;39m ?[35m5672?[0;39m ?[2m---?[0;39m ?[2m[    Test worker]?[0;39m ?[36maccount.AccountServiceApplication       ?[0;39m ?[2m:?[0;39m No active profile set, falling back to 1 default profile: "default"
?[0m?[0;34m?[2m2023-06-28T13:48:14.447-04:00?[0;39m ?[32m INFO?[0;39m ?[35m5672?[0;39m ?[2m---?[0;39m ?[2m[    Test worker]?[0;39m ?[36m.s.d.r.c.RepositoryConfigurationDelegate?[0;39m ?[2m:?[0;39m Bootstrapping Spring Data JPA repositories in DEFAULT mode.
?[0m?[0;34m?[2m2023-06-28T13:48:14.523-04:00?[0;39m ?[32m INFO?[0;39m ?[35m5672?[0;39m ?[2m---?[0;39m ?[2m[    Test worker]?[0;39m ?[36m.s.d.r.c.RepositoryConfigurationDelegate?[0;39m ?[2m:?[0;39m Finished Spring Data repository scanning in 68 ms. Found 5 JPA repository interfaces.
?[0m?[0;34m?[2m2023-06-28T13:48:15.039-04:00?[0;39m ?[32m INFO?[0;39m ?[35m5672?[0;39m ?[2m---?[0;39m ?[2m[    Test worker]?[0;39m ?[36mo.s.b.w.embedded.tomcat.TomcatWebServer ?[0;39m ?[2m:?[0;39m Tomcat initialized with port(s): 28852 (https)
?[0m?[0;34m?[2m2023-06-28T13:48:15.054-04:00?[0;39m ?[32m INFO?[0;39m ?[35m5672?[0;39m ?[2m---?[0;39m ?[2m[    Test worker]?[0;39m ?[36mo.apache.catalina.core.StandardService  ?[0;39m ?[2m:?[0;39m Starting service [Tomcat]
?[0m?[0;34m?[2m2023-06-28T13:48:15.054-04:00?[0;39m ?[32m INFO?[0;39m ?[35m5672?[0;39m ?[2m---?[0;39m ?[2m[    Test worker]?[0;39m ?[36mo.apache.catalina.core.StandardEngine   ?[0;39m ?[2m:?[0;39m Starting Servlet engine: [Apache Tomcat/10.1.5]
?[0m?[0;34m?[2m2023-06-28T13:48:15.125-04:00?[0;39m ?[32m INFO?[0;39m ?[35m5672?[0;39m ?[2m---?[0;39m ?[2m[    Test worker]?[0;39m ?[36mo.a.c.c.C.[Tomcat].[localhost].[/]      ?[0;39m ?[2m:?[0;39m Initializing Spring embedded WebApplicationContext
?[0m?[0;34m?[2m2023-06-28T13:48:15.126-04:00?[0;39m ?[32m INFO?[0;39m ?[35m5672?[0;39m ?[2m---?[0;39m ?[2m[    Test worker]?[0;39m ?[36mw.s.c.ServletWebServerApplicationContext?[0;39m ?[2m:?[0;39m Root WebApplicationContext: initialization completed in 1496 ms
?[0m?[0;34m?[2m2023-06-28T13:48:15.216-04:00?[0;39m ?[32m INFO?[0;39m ?[35m5672?[0;39m ?[2m---?[0;39m ?[2m[    Test worker]?[0;39m ?[36mcom.zaxxer.hikari.HikariDataSource      ?[0;39m ?[2m:?[0;39m HikariPool-1 - Starting...
?[0m?[0;34m?[2m2023-06-28T13:48:15.542-04:00?[0;39m ?[32m INFO?[0;39m ?[35m5672?[0;39m ?[2m---?[0;39m ?[2m[    Test worker]?[0;39m ?[36mcom.zaxxer.hikari.pool.HikariPool       ?[0;39m ?[2m:?[0;39m HikariPool-1 - Added connection conn0: url=jdbc:h2:file:~/service_db user=SA
?[0m?[0;34m?[2m2023-06-28T13:48:15.544-04:00?[0;39m ?[32m INFO?[0;39m ?[35m5672?[0;39m ?[2m---?[0;39m ?[2m[    Test worker]?[0;39m ?[36mcom.zaxxer.hikari.HikariDataSource      ?[0;39m ?[2m:?[0;39m HikariPool-1 - Start completed.
?[0m?[0;34m?[2m2023-06-28T13:48:15.558-04:00?[0;39m ?[32m INFO?[0;39m ?[35m5672?[0;39m ?[2m---?[0;39m ?[2m[    Test worker]?[0;39m ?[36mo.s.b.a.h2.H2ConsoleAutoConfiguration   ?[0;39m ?[2m:?[0;39m H2 console available at '/h2-console'. Database available at 'jdbc:h2:file:~/service_db'
?[0m?[0;34m?[2m2023-06-28T13:48:15.641-04:00?[0;39m ?[32mDEBUG?[0;39m ?[35m5672?[0;39m ?[2m---?[0;39m ?[2m[    Test worker]?[0;39m ?[36mo.s.w.f.ServerHttpObservationFilter     ?[0;39m ?[2m:?[0;39m Filter 'serverHttpObservationFilter' configured for use
?[0m?[0;34m?[2m2023-06-28T13:48:15.645-04:00?[0;39m ?[33m WARN?[0;39m ?[35m5672?[0;39m ?[2m---?[0;39m ?[2m[    Test worker]?[0;39m ?[36m.t.u.s.PrivilegedSetAccessControlContext?[0;39m ?[2m:?[0;39m Unable to set field Thread.inheritedAccessControlContext
?[0m?[0;34m
?[0m?[0;34mjava.lang.IllegalAccessException: class org.apache.tomcat.util.security.PrivilegedSetAccessControlContext cannot access a member of class java.lang.Thread (in module java.base) with modifiers "private"
?[0m?[0;34m	at java.base/jdk.internal.reflect.Reflection.newIllegalAccessException(Reflection.java:392) ~[na:na]
?[0m?[0;34m	at java.base/java.lang.reflect.AccessibleObject.checkAccess(AccessibleObject.java:674) ~[na:na]
?[0m?[0;34m	at java.base/java.lang.reflect.Field.checkAccess(Field.java:1102) ~[na:na]
?[0m?[0;34m	at java.base/java.lang.reflect.Field.set(Field.java:797) ~[na:na]
?[0m?[0;34m	at org.apache.tomcat.util.security.PrivilegedSetAccessControlContext.run(PrivilegedSetAccessControlContext.java:60) ~[tomcat-embed-core-10.1.5.jar:10.1.5]
?[0m?[0;34m	at org.apache.tomcat.util.security.PrivilegedSetAccessControlContext.run(PrivilegedSetAccessControlContext.java:28) ~[tomcat-embed-core-10.1.5.jar:10.1.5]
?[0m?[0;34m	at java.base/java.security.AccessController.doPrivileged(AccessController.java:318) ~[na:na]
?[0m?[0;34m	at org.apache.tomcat.util.threads.TaskThreadFactory.newThread(TaskThreadFactory.java:64) ~[tomcat-embed-core-10.1.5.jar:10.1.5]
?[0m?[0;34m	at java.base/java.util.concurrent.ThreadPoolExecutor$Worker.<init>(ThreadPoolExecutor.java:630) ~[na:na]
?[0m?[0;34m	at java.base/java.util.concurrent.ThreadPoolExecutor.addWorker(ThreadPoolExecutor.java:920) ~[na:na]
?[0m?[0;34m	at java.base/java.util.concurrent.ThreadPoolExecutor.ensurePrestart(ThreadPoolExecutor.java:1593) ~[na:na]
?[0m?[0;34m	at java.base/java.util.concurrent.ScheduledThreadPoolExecutor.delayedExecute(ScheduledThreadPoolExecutor.java:346) ~[na:na]
?[0m?[0;34m	at java.base/java.util.concurrent.ScheduledThreadPoolExecutor.scheduleWithFixedDelay(ScheduledThreadPoolExecutor.java:680) ~[na:na]
?[0m?[0;34m	at org.apache.tomcat.util.threads.ScheduledThreadPoolExecutor.scheduleWithFixedDelay(ScheduledThreadPoolExecutor.java:138) ~[tomcat-embed-core-10.1.5.jar:10.1.5]
?[0m?[0;34m	at org.apache.catalina.core.ContainerBase.startInternal(ContainerBase.java:948) ~[tomcat-embed-core-10.1.5.jar:10.1.5]
?[0m?[0;34m	at org.apache.catalina.core.StandardEngine.startInternal(StandardEngine.java:252) ~[tomcat-embed-core-10.1.5.jar:10.1.5]
?[0m?[0;34m	at org.apache.catalina.util.LifecycleBase.start(LifecycleBase.java:183) ~[tomcat-embed-core-10.1.5.jar:10.1.5]
?[0m?[0;34m	at org.apache.catalina.core.StandardService.startInternal(StandardService.java:430) ~[tomcat-embed-core-10.1.5.jar:10.1.5]
?[0m?[0;34m	at org.apache.catalina.util.LifecycleBase.start(LifecycleBase.java:183) ~[tomcat-embed-core-10.1.5.jar:10.1.5]
?[0m?[0;34m	at org.apache.catalina.core.StandardServer.startInternal(StandardServer.java:926) ~[tomcat-embed-core-10.1.5.jar:10.1.5]
?[0m?[0;34m	at org.apache.catalina.util.LifecycleBase.start(LifecycleBase.java:183) ~[tomcat-embed-core-10.1.5.jar:10.1.5]
?[0m?[0;34m	at org.apache.catalina.startup.Tomcat.start(Tomcat.java:485) ~[tomcat-embed-core-10.1.5.jar:10.1.5]
?[0m?[0;34m	at org.springframework.boot.web.embedded.tomcat.TomcatWebServer.initialize(TomcatWebServer.java:123) ~[spring-boot-3.0.2.jar:3.0.2]
?[0m?[0;34m	at org.springframework.boot.web.embedded.tomcat.TomcatWebServer.<init>(TomcatWebServer.java:104) ~[spring-boot-3.0.2.jar:3.0.2]
?[0m?[0;34m	at org.springframework.boot.web.embedded.tomcat.TomcatServletWebServerFactory.getTomcatWebServer(TomcatServletWebServerFactory.java:486) ~[spring-boot-3.0.2.jar:3.0.2]
?[0m?[0;34m	at org.springframework.boot.web.embedded.tomcat.TomcatServletWebServerFactory.getWebServer(TomcatServletWebServerFactory.java:210) ~[spring-boot-3.0.2.jar:3.0.2]
?[0m?[0;34m	at org.springframework.boot.web.servlet.context.ServletWebServerApplicationContext.createWebServer(ServletWebServerApplicationContext.java:183) ~[spring-boot-3.0.2.jar:3.0.2]
?[0m?[0;34m	at org.springframework.boot.web.servlet.context.ServletWebServerApplicationContext.onRefresh(ServletWebServerApplicationContext.java:161) ~[spring-boot-3.0.2.jar:3.0.2]
?[0m?[0;34m	at org.springframework.context.support.AbstractApplicationContext.refresh(AbstractApplicationContext.java:578) ~[spring-context-6.0.4.jar:6.0.4]
?[0m?[0;34m	at org.springframework.boot.web.servlet.context.ServletWebServerApplicationContext.refresh(ServletWebServerApplicationContext.java:146) ~[spring-boot-3.0.2.jar:3.0.2]
?[0m?[0;34m	at org.springframework.boot.SpringApplication.refresh(SpringApplication.java:730) ~[spring-boot-3.0.2.jar:3.0.2]
?[0m?[0;34m	at org.springframework.boot.SpringApplication.refreshContext(SpringApplication.java:432) ~[spring-boot-3.0.2.jar:3.0.2]
?[0m?[0;34m	at org.springframework.boot.SpringApplication.run(SpringApplication.java:308) ~[spring-boot-3.0.2.jar:3.0.2]
?[0m?[0;34m	at org.springframework.boot.SpringApplication.run(SpringApplication.java:1302) ~[spring-boot-3.0.2.jar:3.0.2]
?[0m?[0;34m	at org.springframework.boot.SpringApplication.run(SpringApplication.java:1291) ~[spring-boot-3.0.2.jar:3.0.2]
?[0m?[0;34m	at account.AccountServiceApplication.main(AccountServiceApplication.java:10) ~[main/:na]
?[0m?[0;34m	at java.base/jdk.internal.reflect.NativeMethodAccessorImpl.invoke0(Native Method) ~[na:na]
?[0m?[0;34m	at java.base/jdk.internal.reflect.NativeMethodAccessorImpl.invoke(NativeMethodAccessorImpl.java:77) ~[na:na]
?[0m?[0;34m	at java.base/jdk.internal.reflect.DelegatingMethodAccessorImpl.invoke(DelegatingMethodAccessorImpl.java:43) ~[na:na]
?[0m?[0;34m	at java.base/java.lang.reflect.Method.invoke(Method.java:568) ~[na:na]
?[0m?[0;34m	at org.hyperskill.hstest.stage.SpringTest.startSpring(SpringTest.java:187) ~[hs-test-release-SNAPSHOT.jar:na]
?[0m?[0;34m	at org.hyperskill.hstest.stage.SpringTest.launchSpring(SpringTest.java:49) ~[hs-test-release-SNAPSHOT.jar:na]
?[0m?[0;34m	at org.hyperskill.hstest.testing.runner.SpringApplicationRunner.launchSpringBootApplication(SpringApplicationRunner.java:20) ~[hs-test-release-SNAPSHOT.jar:na]
?[0m?[0;34m	at org.hyperskill.hstest.testing.runner.SpringApplicationRunner.setUp(SpringApplicationRunner.java:35) ~[hs-test-release-SNAPSHOT.jar:na]
?[0m?[0;34m	at org.hyperskill.hstest.testing.TestRun.setUp(TestRun.java:77) ~[hs-test-release-SNAPSHOT.jar:na]
?[0m?[0;34m	at org.hyperskill.hstest.stage.StageTest.start(StageTest.java:159) ~[hs-test-release-SNAPSHOT.jar:na]
?[0m?[0;34m	at java.base/jdk.internal.reflect.NativeMethodAccessorImpl.invoke0(Native Method) ~[na:na]
?[0m?[0;34m	at java.base/jdk.internal.reflect.NativeMethodAccessorImpl.invoke(NativeMethodAccessorImpl.java:77) ~[na:na]
?[0m?[0;34m	at java.base/jdk.internal.reflect.DelegatingMethodAccessorImpl.invoke(DelegatingMethodAccessorImpl.java:43) ~[na:na]
?[0m?[0;34m	at java.base/java.lang.reflect.Method.invoke(Method.java:568) ~[na:na]
?[0m?[0;34m	at org.junit.runners.model.FrameworkMethod$1.runReflectiveCall(FrameworkMethod.java:59) ~[junit-4.13.2.jar:4.13.2]
?[0m?[0;34m	at org.junit.internal.runners.model.ReflectiveCallable.run(ReflectiveCallable.java:12) ~[junit-4.13.2.jar:4.13.2]
?[0m?[0;34m	at org.junit.runners.model.FrameworkMethod.invokeExplosively(FrameworkMethod.java:56) ~[junit-4.13.2.jar:4.13.2]
?[0m?[0;34m	at org.junit.internal.runners.statements.InvokeMethod.evaluate(InvokeMethod.java:17) ~[junit-4.13.2.jar:4.13.2]
?[0m?[0;34m	at org.junit.internal.runners.statements.RunAfters.evaluate(RunAfters.java:27) ~[junit-4.13.2.jar:4.13.2]
?[0m?[0;34m	at org.junit.runners.ParentRunner$3.evaluate(ParentRunner.java:306) ~[junit-4.13.2.jar:4.13.2]
?[0m?[0;34m	at org.junit.runners.BlockJUnit4ClassRunner$1.evaluate(BlockJUnit4ClassRunner.java:100) ~[junit-4.13.2.jar:4.13.2]
?[0m?[0;34m	at org.junit.runners.ParentRunner.runLeaf(ParentRunner.java:366) ~[junit-4.13.2.jar:4.13.2]
?[0m?[0;34m	at org.junit.runners.BlockJUnit4ClassRunner.runChild(BlockJUnit4ClassRunner.java:103) ~[junit-4.13.2.jar:4.13.2]
?[0m?[0;34m	at org.junit.runners.BlockJUnit4ClassRunner.runChild(BlockJUnit4ClassRunner.java:63) ~[junit-4.13.2.jar:4.13.2]
?[0m?[0;34m	at org.junit.runners.ParentRunner$4.run(ParentRunner.java:331) ~[junit-4.13.2.jar:4.13.2]
?[0m?[0;34m	at org.junit.runners.ParentRunner$1.schedule(ParentRunner.java:79) ~[junit-4.13.2.jar:4.13.2]
?[0m?[0;34m	at org.junit.runners.ParentRunner.runChildren(ParentRunner.java:329) ~[junit-4.13.2.jar:4.13.2]
?[0m?[0;34m	at org.junit.runners.ParentRunner.access$100(ParentRunner.java:66) ~[junit-4.13.2.jar:4.13.2]
?[0m?[0;34m	at org.junit.runners.ParentRunner$2.evaluate(ParentRunner.java:293) ~[junit-4.13.2.jar:4.13.2]
?[0m?[0;34m	at org.junit.runners.ParentRunner$3.evaluate(ParentRunner.java:306) ~[junit-4.13.2.jar:4.13.2]
?[0m?[0;34m	at org.junit.runners.ParentRunner.run(ParentRunner.java:413) ~[junit-4.13.2.jar:4.13.2]
?[0m?[0;34m	at org.gradle.api.internal.tasks.testing.junit.JUnitTestClassExecutor.runTestClass(JUnitTestClassExecutor.java:108) ~[na:na]
?[0m?[0;34m	at org.gradle.api.internal.tasks.testing.junit.JUnitTestClassExecutor.execute(JUnitTestClassExecutor.java:57) ~[na:na]
?[0m?[0;34m	at org.gradle.api.internal.tasks.testing.junit.JUnitTestClassExecutor.execute(JUnitTestClassExecutor.java:39) ~[na:na]
?[0m?[0;34m	at org.gradle.api.internal.tasks.testing.junit.AbstractJUnitTestClassProcessor.processTestClass(AbstractJUnitTestClassProcessor.java:62) ~[na:na]
?[0m?[0;34m	at org.gradle.api.internal.tasks.testing.SuiteTestClassProcessor.processTestClass(SuiteTestClassProcessor.java:52) ~[na:na]
?[0m?[0;34m	at java.base/jdk.internal.reflect.NativeMethodAccessorImpl.invoke0(Native Method) ~[na:na]
?[0m?[0;34m	at java.base/jdk.internal.reflect.NativeMethodAccessorImpl.invoke(NativeMethodAccessorImpl.java:77) ~[na:na]
?[0m?[0;34m	at java.base/jdk.internal.reflect.DelegatingMethodAccessorImpl.invoke(DelegatingMethodAccessorImpl.java:43) ~[na:na]
?[0m?[0;34m	at java.base/java.lang.reflect.Method.invoke(Method.java:568) ~[na:na]
?[0m?[0;34m	at org.gradle.internal.dispatch.ReflectionDispatch.dispatch(ReflectionDispatch.java:36) ~[na:na]
?[0m?[0;34m	at org.gradle.internal.dispatch.ReflectionDispatch.dispatch(ReflectionDispatch.java:24) ~[na:na]
?[0m?[0;34m	at org.gradle.internal.dispatch.ContextClassLoaderDispatch.dispatch(ContextClassLoaderDispatch.java:33) ~[na:na]
?[0m?[0;34m	at org.gradle.internal.dispatch.ProxyDispatchAdapter$DispatchingInvocationHandler.invoke(ProxyDispatchAdapter.java:94) ~[na:na]
?[0m?[0;34m	at jdk.proxy1/jdk.proxy1.$Proxy2.processTestClass(Unknown Source) ~[na:na]
?[0m?[0;34m	at org.gradle.api.internal.tasks.testing.worker.TestWorker$2.run(TestWorker.java:176) ~[na:na]
?[0m?[0;34m	at org.gradle.api.internal.tasks.testing.worker.TestWorker.executeAndMaintainThreadName(TestWorker.java:129) ~[na:na]
?[0m?[0;34m	at org.gradle.api.internal.tasks.testing.worker.TestWorker.execute(TestWorker.java:100) ~[na:na]
?[0m?[0;34m	at org.gradle.api.internal.tasks.testing.worker.TestWorker.execute(TestWorker.java:60) ~[na:na]
?[0m?[0;34m	at org.gradle.process.internal.worker.child.ActionExecutionWorker.execute(ActionExecutionWorker.java:56) ~[na:na]
?[0m?[0;34m	at org.gradle.process.internal.worker.child.SystemApplicationClassLoaderWorker.call(SystemApplicationClassLoaderWorker.java:113) ~[na:na]
?[0m?[0;34m	at org.gradle.process.internal.worker.child.SystemApplicationClassLoaderWorker.call(SystemApplicationClassLoaderWorker.java:65) ~[na:na]
?[0m?[0;34m	at worker.org.gradle.process.internal.worker.GradleWorkerMain.run(GradleWorkerMain.java:69) ~[gradle-worker.jar:na]
?[0m?[0;34m	at worker.org.gradle.process.internal.worker.GradleWorkerMain.main(GradleWorkerMain.java:74) ~[gradle-worker.jar:na]
?[0m?[0;34m
?[0;34m?[2m2023-06-28T13:48:15.657-04:00?[0;39m ?[33m WARN?[0;39m ?[35m5672?[0;39m ?[2m---?[0;39m ?[2m[alina-utility-1]?[0;39m ?[36m.t.u.s.PrivilegedSetAccessControlContext?[0;39m ?[2m:?[0;39m Unable to set field Thread.inheritedAccessControlContext
?[0m?[0;34m
?[0m?[0;34mjava.lang.IllegalAccessException: class org.apache.tomcat.util.security.PrivilegedSetAccessControlContext cannot access a member of class java.lang.Thread (in module java.base) with modifiers "private"
?[0m?[0;34m	at java.base/jdk.internal.reflect.Reflection.newIllegalAccessException(Reflection.java:392) ~[na:na]
?[0m?[0;34m	at java.base/java.lang.reflect.AccessibleObject.checkAccess(AccessibleObject.java:674) ~[na:na]
?[0m?[0;34m	at java.base/java.lang.reflect.Field.checkAccess(Field.java:1102) ~[na:na]
?[0m?[0;34m	at java.base/java.lang.reflect.Field.set(Field.java:797) ~[na:na]
?[0m?[0;34m	at org.apache.tomcat.util.security.PrivilegedSetAccessControlContext.run(PrivilegedSetAccessControlContext.java:60) ~[tomcat-embed-core-10.1.5.jar:10.1.5]
?[0m?[0;34m	at org.apache.tomcat.util.security.PrivilegedSetAccessControlContext.run(PrivilegedSetAccessControlContext.java:28) ~[tomcat-embed-core-10.1.5.jar:10.1.5]
?[0m?[0;34m	at java.base/java.security.AccessController.doPrivileged(AccessController.java:318) ~[na:na]
?[0m?[0;34m	at org.apache.tomcat.util.threads.TaskThreadFactory.newThread(TaskThreadFactory.java:64) ~[tomcat-embed-core-10.1.5.jar:10.1.5]
?[0m?[0;34m	at java.base/java.util.concurrent.ThreadPoolExecutor$Worker.<init>(ThreadPoolExecutor.java:630) ~[na:na]
?[0m?[0;34m	at java.base/java.util.concurrent.ThreadPoolExecutor.addWorker(ThreadPoolExecutor.java:920) ~[na:na]
?[0m?[0;34m	at java.base/java.util.concurrent.ThreadPoolExecutor.ensurePrestart(ThreadPoolExecutor.java:1593) ~[na:na]
?[0m?[0;34m	at java.base/java.util.concurrent.ScheduledThreadPoolExecutor.delayedExecute(ScheduledThreadPoolExecutor.java:346) ~[na:na]
?[0m?[0;34m	at java.base/java.util.concurrent.ScheduledThreadPoolExecutor.scheduleWithFixedDelay(ScheduledThreadPoolExecutor.java:680) ~[na:na]
?[0m?[0;34m	at org.apache.tomcat.util.threads.ScheduledThreadPoolExecutor.scheduleWithFixedDelay(ScheduledThreadPoolExecutor.java:138) ~[tomcat-embed-core-10.1.5.jar:10.1.5]
?[0m?[0;34m	at org.apache.catalina.core.ContainerBase.threadStart(ContainerBase.java:1291) ~[tomcat-embed-core-10.1.5.jar:10.1.5]
?[0m?[0;34m	at org.apache.catalina.core.ContainerBase$ContainerBackgroundProcessorMonitor.run(ContainerBase.java:1331) ~[tomcat-embed-core-10.1.5.jar:10.1.5]
?[0m?[0;34m	at java.base/java.util.concurrent.Executors$RunnableAdapter.call(Executors.java:539) ~[na:na]
?[0m?[0;34m	at java.base/java.util.concurrent.FutureTask.runAndReset(FutureTask.java:305) ~[na:na]
?[0m?[0;34m	at java.base/java.util.concurrent.ScheduledThreadPoolExecutor$ScheduledFutureTask.run(ScheduledThreadPoolExecutor.java:305) ~[na:na]
?[0m?[0;34m	at java.base/java.util.concurrent.ThreadPoolExecutor.runWorker(ThreadPoolExecutor.java:1136) ~[na:na]
?[0m?[0;34m	at java.base/java.util.concurrent.ThreadPoolExecutor$Worker.run(ThreadPoolExecutor.java:635) ~[na:na]
?[0m?[0;34m	at org.apache.tomcat.util.threads.TaskThread$WrappingRunnable.run(TaskThread.java:61) ~[tomcat-embed-core-10.1.5.jar:10.1.5]
?[0m?[0;34m	at java.base/java.lang.Thread.run(Thread.java:833) ~[na:na]
?[0m?[0;34m
?[0m?[0;34m?[2m2023-06-28T13:48:15.733-04:00?[0;39m ?[32m INFO?[0;39m ?[35m5672?[0;39m ?[2m---?[0;39m ?[2m[    Test worker]?[0;39m ?[36mo.hibernate.jpa.internal.util.LogHelper ?[0;39m ?[2m:?[0;39m HHH000204: Processing PersistenceUnitInfo [name: default]
?[0m?[0;34m?[2m2023-06-28T13:48:15.781-04:00?[0;39m ?[32m INFO?[0;39m ?[35m5672?[0;39m ?[2m---?[0;39m ?[2m[    Test worker]?[0;39m ?[36morg.hibernate.Version                   ?[0;39m ?[2m:?[0;39m HHH000412: Hibernate ORM core version 6.1.6.Final
?[0m?[0;34m?[2m2023-06-28T13:48:15.953-04:00?[0;39m ?[33m WARN?[0;39m ?[35m5672?[0;39m ?[2m---?[0;39m ?[2m[    Test worker]?[0;39m ?[36morg.hibernate.orm.deprecation           ?[0;39m ?[2m:?[0;39m HHH90000021: Encountered deprecated setting [javax.persistence.sharedCache.mode], use [jakarta.persistence.sharedCache.mode] instead
?[0m?[0;34m?[2m2023-06-28T13:48:16.070-04:00?[0;39m ?[32m INFO?[0;39m ?[35m5672?[0;39m ?[2m---?[0;39m ?[2m[    Test worker]?[0;39m ?[36mSQL dialect                             ?[0;39m ?[2m:?[0;39m HHH000400: Using dialect: org.hibernate.dialect.H2Dialect
?[0m?[0;34mHibernate: create table authorities (authority_id integer generated by default as identity, authority varchar(255), username VARCHAR_IGNORECASE, primary key (authority_id))
?[0m?[0;34mHibernate: create table employee_payroll (id_payroll bigint generated by default as identity, lastname varchar(255), name varchar(255), period varchar(255), salary varchar(255), user_id bigint, primary key (id_payroll))
?[0m?[0;34mHibernate: create table employees (id bigint generated by default as identity, email VARCHAR_IGNORECASE, failed_logins integer not null, last_name varchar(255), name varchar(255), password varchar(255), role varchar(255) array, primary key (id))
?[0m?[0;34mHibernate: create table log_entry (id integer generated by default as identity, action varchar(255), date varchar(255), object varchar(255), path varchar(255), subject varchar(255), primary key (id))
?[0m?[0;34mHibernate: create table users (username VARCHAR_IGNORECASE not null, enabled integer, password varchar(255), primary key (username))
?[0m?[0;34mHibernate: alter table if exists employee_payroll add constraint FK5th4vf458xvmo1v0ogchme9e5 foreign key (user_id) references employees
?[0m?[0;34m?[2m2023-06-28T13:48:17.147-04:00?[0;39m ?[32m INFO?[0;39m ?[35m5672?[0;39m ?[2m---?[0;39m ?[2m[    Test worker]?[0;39m ?[36mo.h.e.t.j.p.i.JtaPlatformInitiator      ?[0;39m ?[2m:?[0;39m HHH000490: Using JtaPlatform implementation: [org.hibernate.engine.transaction.jta.platform.internal.NoJtaPlatform]
?[0m?[0;34m?[2m2023-06-28T13:48:17.157-04:00?[0;39m ?[32m INFO?[0;39m ?[35m5672?[0;39m ?[2m---?[0;39m ?[2m[    Test worker]?[0;39m ?[36mj.LocalContainerEntityManagerFactoryBean?[0;39m ?[2m:?[0;39m Initialized JPA EntityManagerFactory for persistence unit 'default'
?[0m?[0;34m?[2m2023-06-28T13:48:17.596-04:00?[0;39m ?[33m WARN?[0;39m ?[35m5672?[0;39m ?[2m---?[0;39m ?[2m[    Test worker]?[0;39m ?[36mJpaBaseConfiguration$JpaWebConfiguration?[0;39m ?[2m:?[0;39m spring.jpa.open-in-view is enabled by default. Therefore, database queries may be performed during view rendering. Explicitly configure spring.jpa.open-in-view to disable this warning
?[0m?[0;34m?[2m2023-06-28T13:48:17.629-04:00?[0;39m ?[32m INFO?[0;39m ?[35m5672?[0;39m ?[2m---?[0;39m ?[2m[    Test worker]?[0;39m ?[36mo.s.s.p.JdbcUserDetailsManager          ?[0;39m ?[2m:?[0;39m No authentication manager set. Reauthentication of users when changing passwords will not be performed.
?[0m?[0;34m?[2m2023-06-28T13:48:17.760-04:00?[0;39m ?[32mDEBUG?[0;39m ?[35m5672?[0;39m ?[2m---?[0;39m ?[2m[    Test worker]?[0;39m ?[36ms.w.s.m.m.a.RequestMappingHandlerMapping?[0;39m ?[2m:?[0;39m 13 mappings in 'requestMappingHandlerMapping'
?[0m?[0;34m?[2m2023-06-28T13:48:17.794-04:00?[0;39m ?[32mDEBUG?[0;39m ?[35m5672?[0;39m ?[2m---?[0;39m ?[2m[    Test worker]?[0;39m ?[36mo.s.w.s.handler.SimpleUrlHandlerMapping ?[0;39m ?[2m:?[0;39m Patterns [/webjars/**, /**] in 'resourceHandlerMapping'
?[0m?[0;34m?[2m2023-06-28T13:48:17.915-04:00?[0;39m ?[32m INFO?[0;39m ?[35m5672?[0;39m ?[2m---?[0;39m ?[2m[    Test worker]?[0;39m ?[36mo.s.b.a.e.web.EndpointLinksResolver     ?[0;39m ?[2m:?[0;39m Exposing 14 endpoint(s) beneath base path '/actuator'
?[0m?[0;34m?[2m2023-06-28T13:48:17.960-04:00?[0;39m ?[32m INFO?[0;39m ?[35m5672?[0;39m ?[2m---?[0;39m ?[2m[    Test worker]?[0;39m ?[36mo.s.s.web.DefaultSecurityFilterChain    ?[0;39m ?[2m:?[0;39m Will secure any request with [org.springframework.security.web.session.DisableEncodeUrlFilter@61868687, org.springframework.security.web.context.request.async.WebAsyncManagerIntegrationFilter@2122b4bd, org.springframework.security.web.context.SecurityContextHolderFilter@533165e7, org.springframework.security.web.header.HeaderWriterFilter@58d635de, org.springframework.security.web.authentication.logout.LogoutFilter@5aa026e9, org.springframework.security.web.authentication.www.BasicAuthenticationFilter@22781286, org.springframework.security.web.savedrequest.RequestCacheAwareFilter@1018552d, org.springframework.security.web.servletapi.SecurityContextHolderAwareRequestFilter@3ed1446c, org.springframework.security.web.authentication.AnonymousAuthenticationFilter@5dd79a57, org.springframework.security.web.session.SessionManagementFilter@690113f0, org.springframework.security.web.access.ExceptionTranslationFilter@5120886f, org.springframework.security.web.access.intercept.AuthorizationFilter@72364a40]
?[0m?[0;34m?[2m2023-06-28T13:48:18.021-04:00?[0;39m ?[32mDEBUG?[0;39m ?[35m5672?[0;39m ?[2m---?[0;39m ?[2m[    Test worker]?[0;39m ?[36ms.w.s.m.m.a.RequestMappingHandlerAdapter?[0;39m ?[2m:?[0;39m ControllerAdvice beans: 0 @ModelAttribute, 0 @InitBinder, 1 RequestBodyAdvice, 1 ResponseBodyAdvice
?[0m?[0;34m?[2m2023-06-28T13:48:18.058-04:00?[0;39m ?[32mDEBUG?[0;39m ?[35m5672?[0;39m ?[2m---?[0;39m ?[2m[    Test worker]?[0;39m ?[36m.m.m.a.ExceptionHandlerExceptionResolver?[0;39m ?[2m:?[0;39m ControllerAdvice beans: 1 @ExceptionHandler, 1 ResponseBodyAdvice
?[0m?[0;34m?[2m2023-06-28T13:48:18.529-04:00?[0;39m ?[33m WARN?[0;39m ?[35m5672?[0;39m ?[2m---?[0;39m ?[2m[    Test worker]?[0;39m ?[36m.t.u.s.PrivilegedSetAccessControlContext?[0;39m ?[2m:?[0;39m Unable to set field Thread.inheritedAccessControlContext
?[0m?[0;34m
?[0m?[0;34mjava.lang.IllegalAccessException: class org.apache.tomcat.util.security.PrivilegedSetAccessControlContext cannot access a member of class java.lang.Thread (in module java.base) with modifiers "private"
?[0m?[0;34m	at java.base/jdk.internal.reflect.Reflection.newIllegalAccessException(Reflection.java:392) ~[na:na]
?[0m?[0;34m	at java.base/java.lang.reflect.AccessibleObject.checkAccess(AccessibleObject.java:674) ~[na:na]
?[0m?[0;34m	at java.base/java.lang.reflect.Field.checkAccess(Field.java:1102) ~[na:na]
?[0m?[0;34m	at java.base/java.lang.reflect.Field.set(Field.java:797) ~[na:na]
?[0m?[0;34m	at org.apache.tomcat.util.security.PrivilegedSetAccessControlContext.run(PrivilegedSetAccessControlContext.java:60) ~[tomcat-embed-core-10.1.5.jar:10.1.5]
?[0m?[0;34m	at org.apache.tomcat.util.security.PrivilegedSetAccessControlContext.run(PrivilegedSetAccessControlContext.java:28) ~[tomcat-embed-core-10.1.5.jar:10.1.5]
?[0m?[0;34m	at java.base/java.security.AccessController.doPrivileged(AccessController.java:318) ~[na:na]
?[0m?[0;34m	at org.apache.tomcat.util.threads.TaskThreadFactory.newThread(TaskThreadFactory.java:64) ~[tomcat-embed-core-10.1.5.jar:10.1.5]
?[0m?[0;34m	at org.apache.tomcat.util.threads.ThreadPoolExecutor$Worker.<init>(ThreadPoolExecutor.java:653) ~[tomcat-embed-core-10.1.5.jar:10.1.5]
?[0m?[0;34m	at org.apache.tomcat.util.threads.ThreadPoolExecutor.addWorker(ThreadPoolExecutor.java:957) ~[tomcat-embed-core-10.1.5.jar:10.1.5]
?[0m?[0;34m	at org.apache.tomcat.util.threads.ThreadPoolExecutor.prestartAllCoreThreads(ThreadPoolExecutor.java:1694) ~[tomcat-embed-core-10.1.5.jar:10.1.5]
?[0m?[0;34m	at org.apache.tomcat.util.threads.ThreadPoolExecutor.<init>(ThreadPoolExecutor.java:1370) ~[tomcat-embed-core-10.1.5.jar:10.1.5]
?[0m?[0;34m	at org.apache.tomcat.util.threads.ThreadPoolExecutor.<init>(ThreadPoolExecutor.java:1280) ~[tomcat-embed-core-10.1.5.jar:10.1.5]
?[0m?[0;34m	at org.apache.tomcat.util.net.AbstractEndpoint.createExecutor(AbstractEndpoint.java:948) ~[tomcat-embed-core-10.1.5.jar:10.1.5]
?[0m?[0;34m	at org.apache.tomcat.util.net.NioEndpoint.startInternal(NioEndpoint.java:279) ~[tomcat-embed-core-10.1.5.jar:10.1.5]
?[0m?[0;34m	at org.apache.tomcat.util.net.AbstractEndpoint.start(AbstractEndpoint.java:1261) ~[tomcat-embed-core-10.1.5.jar:10.1.5]
?[0m?[0;34m	at org.apache.coyote.AbstractProtocol.start(AbstractProtocol.java:586) ~[tomcat-embed-core-10.1.5.jar:10.1.5]
?[0m?[0;34m	at org.apache.catalina.connector.Connector.startInternal(Connector.java:1081) ~[tomcat-embed-core-10.1.5.jar:10.1.5]
?[0m?[0;34m	at org.apache.catalina.util.LifecycleBase.start(LifecycleBase.java:183) ~[tomcat-embed-core-10.1.5.jar:10.1.5]
?[0m?[0;34m	at org.apache.catalina.core.StandardService.addConnector(StandardService.java:234) ~[tomcat-embed-core-10.1.5.jar:10.1.5]
?[0m?[0;34m	at org.springframework.boot.web.embedded.tomcat.TomcatWebServer.addPreviouslyRemovedConnectors(TomcatWebServer.java:282) ~[spring-boot-3.0.2.jar:3.0.2]
?[0m?[0;34m	at org.springframework.boot.web.embedded.tomcat.TomcatWebServer.start(TomcatWebServer.java:213) ~[spring-boot-3.0.2.jar:3.0.2]
?[0m?[0;34m	at org.springframework.boot.web.servlet.context.WebServerStartStopLifecycle.start(WebServerStartStopLifecycle.java:44) ~[spring-boot-3.0.2.jar:3.0.2]
?[0m?[0;34m	at org.springframework.context.support.DefaultLifecycleProcessor.doStart(DefaultLifecycleProcessor.java:178) ~[spring-context-6.0.4.jar:6.0.4]
?[0m?[0;34m	at org.springframework.context.support.DefaultLifecycleProcessor$LifecycleGroup.start(DefaultLifecycleProcessor.java:356) ~[spring-context-6.0.4.jar:6.0.4]
?[0m?[0;34m	at java.base/java.lang.Iterable.forEach(Iterable.java:75) ~[na:na]
?[0m?[0;34m	at org.springframework.context.support.DefaultLifecycleProcessor.startBeans(DefaultLifecycleProcessor.java:155) ~[spring-context-6.0.4.jar:6.0.4]
?[0m?[0;34m	at org.springframework.context.support.DefaultLifecycleProcessor.onRefresh(DefaultLifecycleProcessor.java:123) ~[spring-context-6.0.4.jar:6.0.4]
?[0m?[0;34m	at org.springframework.context.support.AbstractApplicationContext.finishRefresh(AbstractApplicationContext.java:932) ~[spring-context-6.0.4.jar:6.0.4]
?[0m?[0;34m	at org.springframework.context.support.AbstractApplicationContext.refresh(AbstractApplicationContext.java:587) ~[spring-context-6.0.4.jar:6.0.4]
?[0m?[0;34m	at org.springframework.boot.web.servlet.context.ServletWebServerApplicationContext.refresh(ServletWebServerApplicationContext.java:146) ~[spring-boot-3.0.2.jar:3.0.2]
?[0m?[0;34m	at org.springframework.boot.SpringApplication.refresh(SpringApplication.java:730) ~[spring-boot-3.0.2.jar:3.0.2]
?[0m?[0;34m	at org.springframework.boot.SpringApplication.refreshContext(SpringApplication.java:432) ~[spring-boot-3.0.2.jar:3.0.2]
?[0m?[0;34m	at org.springframework.boot.SpringApplication.run(SpringApplication.java:308) ~[spring-boot-3.0.2.jar:3.0.2]
?[0m?[0;34m	at org.springframework.boot.SpringApplication.run(SpringApplication.java:1302) ~[spring-boot-3.0.2.jar:3.0.2]
?[0m?[0;34m	at org.springframework.boot.SpringApplication.run(SpringApplication.java:1291) ~[spring-boot-3.0.2.jar:3.0.2]
?[0m?[0;34m	at account.AccountServiceApplication.main(AccountServiceApplication.java:10) ~[main/:na]
?[0m?[0;34m	at java.base/jdk.internal.reflect.NativeMethodAccessorImpl.invoke0(Native Method) ~[na:na]
?[0m?[0;34m	at java.base/jdk.internal.reflect.NativeMethodAccessorImpl.invoke(NativeMethodAccessorImpl.java:77) ~[na:na]
?[0m?[0;34m	at java.base/jdk.internal.reflect.DelegatingMethodAccessorImpl.invoke(DelegatingMethodAccessorImpl.java:43) ~[na:na]
?[0m?[0;34m	at java.base/java.lang.reflect.Method.invoke(Method.java:568) ~[na:na]
?[0m?[0;34m	at org.hyperskill.hstest.stage.SpringTest.startSpring(SpringTest.java:187) ~[hs-test-release-SNAPSHOT.jar:na]
?[0m?[0;34m	at org.hyperskill.hstest.stage.SpringTest.launchSpring(SpringTest.java:49) ~[hs-test-release-SNAPSHOT.jar:na]
?[0m?[0;34m	at org.hyperskill.hstest.testing.runner.SpringApplicationRunner.launchSpringBootApplication(SpringApplicationRunner.java:20) ~[hs-test-release-SNAPSHOT.jar:na]
?[0m?[0;34m	at org.hyperskill.hstest.testing.runner.SpringApplicationRunner.setUp(SpringApplicationRunner.java:35) ~[hs-test-release-SNAPSHOT.jar:na]
?[0m?[0;34m	at org.hyperskill.hstest.testing.TestRun.setUp(TestRun.java:77) ~[hs-test-release-SNAPSHOT.jar:na]
?[0m?[0;34m	at org.hyperskill.hstest.stage.StageTest.start(StageTest.java:159) ~[hs-test-release-SNAPSHOT.jar:na]
?[0m?[0;34m	at java.base/jdk.internal.reflect.NativeMethodAccessorImpl.invoke0(Native Method) ~[na:na]
?[0m?[0;34m	at java.base/jdk.internal.reflect.NativeMethodAccessorImpl.invoke(NativeMethodAccessorImpl.java:77) ~[na:na]
?[0m?[0;34m	at java.base/jdk.internal.reflect.DelegatingMethodAccessorImpl.invoke(DelegatingMethodAccessorImpl.java:43) ~[na:na]
?[0m?[0;34m	at java.base/java.lang.reflect.Method.invoke(Method.java:568) ~[na:na]
?[0m?[0;34m	at org.junit.runners.model.FrameworkMethod$1.runReflectiveCall(FrameworkMethod.java:59) ~[junit-4.13.2.jar:4.13.2]
?[0m?[0;34m	at org.junit.internal.runners.model.ReflectiveCallable.run(ReflectiveCallable.java:12) ~[junit-4.13.2.jar:4.13.2]
?[0m?[0;34m	at org.junit.runners.model.FrameworkMethod.invokeExplosively(FrameworkMethod.java:56) ~[junit-4.13.2.jar:4.13.2]
?[0m?[0;34m	at org.junit.internal.runners.statements.InvokeMethod.evaluate(InvokeMethod.java:17) ~[junit-4.13.2.jar:4.13.2]
?[0m?[0;34m	at org.junit.internal.runners.statements.RunAfters.evaluate(RunAfters.java:27) ~[junit-4.13.2.jar:4.13.2]
?[0m?[0;34m	at org.junit.runners.ParentRunner$3.evaluate(ParentRunner.java:306) ~[junit-4.13.2.jar:4.13.2]
?[0m?[0;34m	at org.junit.runners.BlockJUnit4ClassRunner$1.evaluate(BlockJUnit4ClassRunner.java:100) ~[junit-4.13.2.jar:4.13.2]
?[0m?[0;34m	at org.junit.runners.ParentRunner.runLeaf(ParentRunner.java:366) ~[junit-4.13.2.jar:4.13.2]
?[0m?[0;34m	at org.junit.runners.BlockJUnit4ClassRunner.runChild(BlockJUnit4ClassRunner.java:103) ~[junit-4.13.2.jar:4.13.2]
?[0m?[0;34m	at org.junit.runners.BlockJUnit4ClassRunner.runChild(BlockJUnit4ClassRunner.java:63) ~[junit-4.13.2.jar:4.13.2]
?[0m?[0;34m	at org.junit.runners.ParentRunner$4.run(ParentRunner.java:331) ~[junit-4.13.2.jar:4.13.2]
?[0m?[0;34m	at org.junit.runners.ParentRunner$1.schedule(ParentRunner.java:79) ~[junit-4.13.2.jar:4.13.2]
?[0m?[0;34m	at org.junit.runners.ParentRunner.runChildren(ParentRunner.java:329) ~[junit-4.13.2.jar:4.13.2]
?[0m?[0;34m	at org.junit.runners.ParentRunner.access$100(ParentRunner.java:66) ~[junit-4.13.2.jar:4.13.2]
?[0m?[0;34m	at org.junit.runners.ParentRunner$2.evaluate(ParentRunner.java:293) ~[junit-4.13.2.jar:4.13.2]
?[0m?[0;34m	at org.junit.runners.ParentRunner$3.evaluate(ParentRunner.java:306) ~[junit-4.13.2.jar:4.13.2]
?[0m?[0;34m	at org.junit.runners.ParentRunner.run(ParentRunner.java:413) ~[junit-4.13.2.jar:4.13.2]
?[0m?[0;34m	at org.gradle.api.internal.tasks.testing.junit.JUnitTestClassExecutor.runTestClass(JUnitTestClassExecutor.java:108) ~[na:na]
?[0m?[0;34m	at org.gradle.api.internal.tasks.testing.junit.JUnitTestClassExecutor.execute(JUnitTestClassExecutor.java:57) ~[na:na]
?[0m?[0;34m	at org.gradle.api.internal.tasks.testing.junit.JUnitTestClassExecutor.execute(JUnitTestClassExecutor.java:39) ~[na:na]
?[0m?[0;34m	at org.gradle.api.internal.tasks.testing.junit.AbstractJUnitTestClassProcessor.processTestClass(AbstractJUnitTestClassProcessor.java:62) ~[na:na]
?[0m?[0;34m	at org.gradle.api.internal.tasks.testing.SuiteTestClassProcessor.processTestClass(SuiteTestClassProcessor.java:52) ~[na:na]
?[0m?[0;34m	at java.base/jdk.internal.reflect.NativeMethodAccessorImpl.invoke0(Native Method) ~[na:na]
?[0m?[0;34m	at java.base/jdk.internal.reflect.NativeMethodAccessorImpl.invoke(NativeMethodAccessorImpl.java:77) ~[na:na]
?[0m?[0;34m	at java.base/jdk.internal.reflect.DelegatingMethodAccessorImpl.invoke(DelegatingMethodAccessorImpl.java:43) ~[na:na]
?[0m?[0;34m	at java.base/java.lang.reflect.Method.invoke(Method.java:568) ~[na:na]
?[0m?[0;34m	at org.gradle.internal.dispatch.ReflectionDispatch.dispatch(ReflectionDispatch.java:36) ~[na:na]
?[0m?[0;34m	at org.gradle.internal.dispatch.ReflectionDispatch.dispatch(ReflectionDispatch.java:24) ~[na:na]
?[0m?[0;34m	at org.gradle.internal.dispatch.ContextClassLoaderDispatch.dispatch(ContextClassLoaderDispatch.java:33) ~[na:na]
?[0m?[0;34m	at org.gradle.internal.dispatch.ProxyDispatchAdapter$DispatchingInvocationHandler.invoke(ProxyDispatchAdapter.java:94) ~[na:na]
?[0m?[0;34m	at jdk.proxy1/jdk.proxy1.$Proxy2.processTestClass(Unknown Source) ~[na:na]
?[0m?[0;34m	at org.gradle.api.internal.tasks.testing.worker.TestWorker$2.run(TestWorker.java:176) ~[na:na]
?[0m?[0;34m	at org.gradle.api.internal.tasks.testing.worker.TestWorker.executeAndMaintainThreadName(TestWorker.java:129) ~[na:na]
?[0m?[0;34m	at org.gradle.api.internal.tasks.testing.worker.TestWorker.execute(TestWorker.java:100) ~[na:na]
?[0m?[0;34m	at org.gradle.api.internal.tasks.testing.worker.TestWorker.execute(TestWorker.java:60) ~[na:na]
?[0m?[0;34m	at org.gradle.process.internal.worker.child.ActionExecutionWorker.execute(ActionExecutionWorker.java:56) ~[na:na]
?[0m?[0;34m	at org.gradle.process.internal.worker.child.SystemApplicationClassLoaderWorker.call(SystemApplicationClassLoaderWorker.java:113) ~[na:na]
?[0m?[0;34m	at org.gradle.process.internal.worker.child.SystemApplicationClassLoaderWorker.call(SystemApplicationClassLoaderWorker.java:65) ~[na:na]
?[0m?[0;34m	at worker.org.gradle.process.internal.worker.GradleWorkerMain.run(GradleWorkerMain.java:69) ~[gradle-worker.jar:na]
?[0m?[0;34m	at worker.org.gradle.process.internal.worker.GradleWorkerMain.main(GradleWorkerMain.java:74) ~[gradle-worker.jar:na]
?[0m?[0;34m
?[0m?[0;34m?[2m2023-06-28T13:48:18.534-04:00?[0;39m ?[33m WARN?[0;39m ?[35m5672?[0;39m ?[2m---?[0;39m ?[2m[    Test worker]?[0;39m ?[36m.t.u.s.PrivilegedSetAccessControlContext?[0;39m ?[2m:?[0;39m Unable to set field Thread.inheritedAccessControlContext
?[0m?[0;34m
?[0m?[0;34mjava.lang.IllegalAccessException: class org.apache.tomcat.util.security.PrivilegedSetAccessControlContext cannot access a member of class java.lang.Thread (in module java.base) with modifiers "private"
?[0m?[0;34m	at java.base/jdk.internal.reflect.Reflection.newIllegalAccessException(Reflection.java:392) ~[na:na]
?[0m?[0;34m	at java.base/java.lang.reflect.AccessibleObject.checkAccess(AccessibleObject.java:674) ~[na:na]
?[0m?[0;34m	at java.base/java.lang.reflect.Field.checkAccess(Field.java:1102) ~[na:na]
?[0m?[0;34m	at java.base/java.lang.reflect.Field.set(Field.java:797) ~[na:na]
?[0m?[0;34m	at org.apache.tomcat.util.security.PrivilegedSetAccessControlContext.run(PrivilegedSetAccessControlContext.java:60) ~[tomcat-embed-core-10.1.5.jar:10.1.5]
?[0m?[0;34m	at org.apache.tomcat.util.security.PrivilegedSetAccessControlContext.run(PrivilegedSetAccessControlContext.java:28) ~[tomcat-embed-core-10.1.5.jar:10.1.5]
?[0m?[0;34m	at java.base/java.security.AccessController.doPrivileged(AccessController.java:318) ~[na:na]
?[0m?[0;34m	at org.apache.tomcat.util.threads.TaskThreadFactory.newThread(TaskThreadFactory.java:64) ~[tomcat-embed-core-10.1.5.jar:10.1.5]
?[0m?[0;34m	at org.apache.tomcat.util.threads.ThreadPoolExecutor$Worker.<init>(ThreadPoolExecutor.java:653) ~[tomcat-embed-core-10.1.5.jar:10.1.5]
?[0m?[0;34m	at org.apache.tomcat.util.threads.ThreadPoolExecutor.addWorker(ThreadPoolExecutor.java:957) ~[tomcat-embed-core-10.1.5.jar:10.1.5]
?[0m?[0;34m	at org.apache.tomcat.util.threads.ThreadPoolExecutor.prestartAllCoreThreads(ThreadPoolExecutor.java:1694) ~[tomcat-embed-core-10.1.5.jar:10.1.5]
?[0m?[0;34m	at org.apache.tomcat.util.threads.ThreadPoolExecutor.<init>(ThreadPoolExecutor.java:1370) ~[tomcat-embed-core-10.1.5.jar:10.1.5]
?[0m?[0;34m	at org.apache.tomcat.util.threads.ThreadPoolExecutor.<init>(ThreadPoolExecutor.java:1280) ~[tomcat-embed-core-10.1.5.jar:10.1.5]
?[0m?[0;34m	at org.apache.tomcat.util.net.AbstractEndpoint.createExecutor(AbstractEndpoint.java:948) ~[tomcat-embed-core-10.1.5.jar:10.1.5]
?[0m?[0;34m	at org.apache.tomcat.util.net.NioEndpoint.startInternal(NioEndpoint.java:279) ~[tomcat-embed-core-10.1.5.jar:10.1.5]
?[0m?[0;34m	at org.apache.tomcat.util.net.AbstractEndpoint.start(AbstractEndpoint.java:1261) ~[tomcat-embed-core-10.1.5.jar:10.1.5]
?[0m?[0;34m	at org.apache.coyote.AbstractProtocol.start(AbstractProtocol.java:586) ~[tomcat-embed-core-10.1.5.jar:10.1.5]
?[0m?[0;34m	at org.apache.catalina.connector.Connector.startInternal(Connector.java:1081) ~[tomcat-embed-core-10.1.5.jar:10.1.5]
?[0m?[0;34m	at org.apache.catalina.util.LifecycleBase.start(LifecycleBase.java:183) ~[tomcat-embed-core-10.1.5.jar:10.1.5]
?[0m?[0;34m	at org.apache.catalina.core.StandardService.addConnector(StandardService.java:234) ~[tomcat-embed-core-10.1.5.jar:10.1.5]
?[0m?[0;34m	at org.springframework.boot.web.embedded.tomcat.TomcatWebServer.addPreviouslyRemovedConnectors(TomcatWebServer.java:282) ~[spring-boot-3.0.2.jar:3.0.2]
?[0m?[0;34m	at org.springframework.boot.web.embedded.tomcat.TomcatWebServer.start(TomcatWebServer.java:213) ~[spring-boot-3.0.2.jar:3.0.2]
?[0m?[0;34m	at org.springframework.boot.web.servlet.context.WebServerStartStopLifecycle.start(WebServerStartStopLifecycle.java:44) ~[spring-boot-3.0.2.jar:3.0.2]
?[0m?[0;34m	at org.springframework.context.support.DefaultLifecycleProcessor.doStart(DefaultLifecycleProcessor.java:178) ~[spring-context-6.0.4.jar:6.0.4]
?[0m?[0;34m	at org.springframework.context.support.DefaultLifecycleProcessor$LifecycleGroup.start(DefaultLifecycleProcessor.java:356) ~[spring-context-6.0.4.jar:6.0.4]
?[0m?[0;34m	at java.base/java.lang.Iterable.forEach(Iterable.java:75) ~[na:na]
?[0m?[0;34m	at org.springframework.context.support.DefaultLifecycleProcessor.startBeans(DefaultLifecycleProcessor.java:155) ~[spring-context-6.0.4.jar:6.0.4]
?[0m?[0;34m	at org.springframework.context.support.DefaultLifecycleProcessor.onRefresh(DefaultLifecycleProcessor.java:123) ~[spring-context-6.0.4.jar:6.0.4]
?[0m?[0;34m	at org.springframework.context.support.AbstractApplicationContext.finishRefresh(AbstractApplicationContext.java:932) ~[spring-context-6.0.4.jar:6.0.4]
?[0m?[0;34m	at org.springframework.context.support.AbstractApplicationContext.refresh(AbstractApplicationContext.java:587) ~[spring-context-6.0.4.jar:6.0.4]
?[0m?[0;34m	at org.springframework.boot.web.servlet.context.ServletWebServerApplicationContext.refresh(ServletWebServerApplicationContext.java:146) ~[spring-boot-3.0.2.jar:3.0.2]
?[0m?[0;34m	at org.springframework.boot.SpringApplication.refresh(SpringApplication.java:730) ~[spring-boot-3.0.2.jar:3.0.2]
?[0m?[0;34m	at org.springframework.boot.SpringApplication.refreshContext(SpringApplication.java:432) ~[spring-boot-3.0.2.jar:3.0.2]
?[0m?[0;34m	at org.springframework.boot.SpringApplication.run(SpringApplication.java:308) ~[spring-boot-3.0.2.jar:3.0.2]
?[0m?[0;34m	at org.springframework.boot.SpringApplication.run(SpringApplication.java:1302) ~[spring-boot-3.0.2.jar:3.0.2]
?[0m?[0;34m	at org.springframework.boot.SpringApplication.run(SpringApplication.java:1291) ~[spring-boot-3.0.2.jar:3.0.2]
?[0m?[0;34m	at account.AccountServiceApplication.main(AccountServiceApplication.java:10) ~[main/:na]
?[0m?[0;34m	at java.base/jdk.internal.reflect.NativeMethodAccessorImpl.invoke0(Native Method) ~[na:na]
?[0m?[0;34m	at java.base/jdk.internal.reflect.NativeMethodAccessorImpl.invoke(NativeMethodAccessorImpl.java:77) ~[na:na]
?[0m?[0;34m	at java.base/jdk.internal.reflect.DelegatingMethodAccessorImpl.invoke(DelegatingMethodAccessorImpl.java:43) ~[na:na]
?[0m?[0;34m	at java.base/java.lang.reflect.Method.invoke(Method.java:568) ~[na:na]
?[0m?[0;34m	at org.hyperskill.hstest.stage.SpringTest.startSpring(SpringTest.java:187) ~[hs-test-release-SNAPSHOT.jar:na]
?[0m?[0;34m	at org.hyperskill.hstest.stage.SpringTest.launchSpring(SpringTest.java:49) ~[hs-test-release-SNAPSHOT.jar:na]
?[0m?[0;34m	at org.hyperskill.hstest.testing.runner.SpringApplicationRunner.launchSpringBootApplication(SpringApplicationRunner.java:20) ~[hs-test-release-SNAPSHOT.jar:na]
?[0m?[0;34m	at org.hyperskill.hstest.testing.runner.SpringApplicationRunner.setUp(SpringApplicationRunner.java:35) ~[hs-test-release-SNAPSHOT.jar:na]
?[0m?[0;34m	at org.hyperskill.hstest.testing.TestRun.setUp(TestRun.java:77) ~[hs-test-release-SNAPSHOT.jar:na]
?[0m?[0;34m	at org.hyperskill.hstest.stage.StageTest.start(StageTest.java:159) ~[hs-test-release-SNAPSHOT.jar:na]
?[0m?[0;34m	at java.base/jdk.internal.reflect.NativeMethodAccessorImpl.invoke0(Native Method) ~[na:na]
?[0m?[0;34m	at java.base/jdk.internal.reflect.NativeMethodAccessorImpl.invoke(NativeMethodAccessorImpl.java:77) ~[na:na]
?[0m?[0;34m	at java.base/jdk.internal.reflect.DelegatingMethodAccessorImpl.invoke(DelegatingMethodAccessorImpl.java:43) ~[na:na]
?[0m?[0;34m	at java.base/java.lang.reflect.Method.invoke(Method.java:568) ~[na:na]
?[0m?[0;34m	at org.junit.runners.model.FrameworkMethod$1.runReflectiveCall(FrameworkMethod.java:59) ~[junit-4.13.2.jar:4.13.2]
?[0m?[0;34m	at org.junit.internal.runners.model.ReflectiveCallable.run(ReflectiveCallable.java:12) ~[junit-4.13.2.jar:4.13.2]
?[0m?[0;34m	at org.junit.runners.model.FrameworkMethod.invokeExplosively(FrameworkMethod.java:56) ~[junit-4.13.2.jar:4.13.2]
?[0m?[0;34m	at org.junit.internal.runners.statements.InvokeMethod.evaluate(InvokeMethod.java:17) ~[junit-4.13.2.jar:4.13.2]
?[0m?[0;34m	at org.junit.internal.runners.statements.RunAfters.evaluate(RunAfters.java:27) ~[junit-4.13.2.jar:4.13.2]
?[0m?[0;34m	at org.junit.runners.ParentRunner$3.evaluate(ParentRunner.java:306) ~[junit-4.13.2.jar:4.13.2]
?[0m?[0;34m	at org.junit.runners.BlockJUnit4ClassRunner$1.evaluate(BlockJUnit4ClassRunner.java:100) ~[junit-4.13.2.jar:4.13.2]
?[0m?[0;34m	at org.junit.runners.ParentRunner.runLeaf(ParentRunner.java:366) ~[junit-4.13.2.jar:4.13.2]
?[0m?[0;34m	at org.junit.runners.BlockJUnit4ClassRunner.runChild(BlockJUnit4ClassRunner.java:103) ~[junit-4.13.2.jar:4.13.2]
?[0m?[0;34m	at org.junit.runners.BlockJUnit4ClassRunner.runChild(BlockJUnit4ClassRunner.java:63) ~[junit-4.13.2.jar:4.13.2]
?[0m?[0;34m	at org.junit.runners.ParentRunner$4.run(ParentRunner.java:331) ~[junit-4.13.2.jar:4.13.2]
?[0m?[0;34m	at org.junit.runners.ParentRunner$1.schedule(ParentRunner.java:79) ~[junit-4.13.2.jar:4.13.2]
?[0m?[0;34m	at org.junit.runners.ParentRunner.runChildren(ParentRunner.java:329) ~[junit-4.13.2.jar:4.13.2]
?[0m?[0;34m	at org.junit.runners.ParentRunner.access$100(ParentRunner.java:66) ~[junit-4.13.2.jar:4.13.2]
?[0m?[0;34m	at org.junit.runners.ParentRunner$2.evaluate(ParentRunner.java:293) ~[junit-4.13.2.jar:4.13.2]
?[0m?[0;34m	at org.junit.runners.ParentRunner$3.evaluate(ParentRunner.java:306) ~[junit-4.13.2.jar:4.13.2]
?[0m?[0;34m	at org.junit.runners.ParentRunner.run(ParentRunner.java:413) ~[junit-4.13.2.jar:4.13.2]
?[0m?[0;34m	at org.gradle.api.internal.tasks.testing.junit.JUnitTestClassExecutor.runTestClass(JUnitTestClassExecutor.java:108) ~[na:na]
?[0m?[0;34m	at org.gradle.api.internal.tasks.testing.junit.JUnitTestClassExecutor.execute(JUnitTestClassExecutor.java:57) ~[na:na]
?[0m?[0;34m	at org.gradle.api.internal.tasks.testing.junit.JUnitTestClassExecutor.execute(JUnitTestClassExecutor.java:39) ~[na:na]
?[0m?[0;34m	at org.gradle.api.internal.tasks.testing.junit.AbstractJUnitTestClassProcessor.processTestClass(AbstractJUnitTestClassProcessor.java:62) ~[na:na]
?[0m?[0;34m	at org.gradle.api.internal.tasks.testing.SuiteTestClassProcessor.processTestClass(SuiteTestClassProcessor.java:52) ~[na:na]
?[0m?[0;34m	at java.base/jdk.internal.reflect.NativeMethodAccessorImpl.invoke0(Native Method) ~[na:na]
?[0m?[0;34m	at java.base/jdk.internal.reflect.NativeMethodAccessorImpl.invoke(NativeMethodAccessorImpl.java:77) ~[na:na]
?[0m?[0;34m	at java.base/jdk.internal.reflect.DelegatingMethodAccessorImpl.invoke(DelegatingMethodAccessorImpl.java:43) ~[na:na]
?[0m?[0;34m	at java.base/java.lang.reflect.Method.invoke(Method.java:568) ~[na:na]
?[0m?[0;34m	at org.gradle.internal.dispatch.ReflectionDispatch.dispatch(ReflectionDispatch.java:36) ~[na:na]
?[0m?[0;34m	at org.gradle.internal.dispatch.ReflectionDispatch.dispatch(ReflectionDispatch.java:24) ~[na:na]
?[0m?[0;34m	at org.gradle.internal.dispatch.ContextClassLoaderDispatch.dispatch(ContextClassLoaderDispatch.java:33) ~[na:na]
?[0m?[0;34m	at org.gradle.internal.dispatch.ProxyDispatchAdapter$DispatchingInvocationHandler.invoke(ProxyDispatchAdapter.java:94) ~[na:na]
?[0m?[0;34m	at jdk.proxy1/jdk.proxy1.$Proxy2.processTestClass(Unknown Source) ~[na:na]
?[0m?[0;34m	at org.gradle.api.internal.tasks.testing.worker.TestWorker$2.run(TestWorker.java:176) ~[na:na]
?[0m?[0;34m	at org.gradle.api.internal.tasks.testing.worker.TestWorker.executeAndMaintainThreadName(TestWorker.java:129) ~[na:na]
?[0m?[0;34m	at org.gradle.api.internal.tasks.testing.worker.TestWorker.execute(TestWorker.java:100) ~[na:na]
?[0m?[0;34m	at org.gradle.api.internal.tasks.testing.worker.TestWorker.execute(TestWorker.java:60) ~[na:na]
?[0m?[0;34m	at org.gradle.process.internal.worker.child.ActionExecutionWorker.execute(ActionExecutionWorker.java:56) ~[na:na]
?[0m?[0;34m	at org.gradle.process.internal.worker.child.SystemApplicationClassLoaderWorker.call(SystemApplicationClassLoaderWorker.java:113) ~[na:na]
?[0m?[0;34m	at org.gradle.process.internal.worker.child.SystemApplicationClassLoaderWorker.call(SystemApplicationClassLoaderWorker.java:65) ~[na:na]
?[0m?[0;34m	at worker.org.gradle.process.internal.worker.GradleWorkerMain.run(GradleWorkerMain.java:69) ~[gradle-worker.jar:na]
?[0m?[0;34m	at worker.org.gradle.process.internal.worker.GradleWorkerMain.main(GradleWorkerMain.java:74) ~[gradle-worker.jar:na]
?[0m?[0;34m
?[0m?[0;34m?[2m2023-06-28T13:48:18.541-04:00?[0;39m ?[33m WARN?[0;39m ?[35m5672?[0;39m ?[2m---?[0;39m ?[2m[    Test worker]?[0;39m ?[36m.t.u.s.PrivilegedSetAccessControlContext?[0;39m ?[2m:?[0;39m Unable to set field Thread.inheritedAccessControlContext
?[0m?[0;34m
?[0m?[0;34mjava.lang.IllegalAccessException: class org.apache.tomcat.util.security.PrivilegedSetAccessControlContext cannot access a member of class java.lang.Thread (in module java.base) with modifiers "private"
?[0m?[0;34m	at java.base/jdk.internal.reflect.Reflection.newIllegalAccessException(Reflection.java:392) ~[na:na]
?[0m?[0;34m	at java.base/java.lang.reflect.AccessibleObject.checkAccess(AccessibleObject.java:674) ~[na:na]
?[0m?[0;34m	at java.base/java.lang.reflect.Field.checkAccess(Field.java:1102) ~[na:na]
?[0m?[0;34m	at java.base/java.lang.reflect.Field.set(Field.java:797) ~[na:na]
?[0m?[0;34m	at org.apache.tomcat.util.security.PrivilegedSetAccessControlContext.run(PrivilegedSetAccessControlContext.java:60) ~[tomcat-embed-core-10.1.5.jar:10.1.5]
?[0m?[0;34m	at org.apache.tomcat.util.security.PrivilegedSetAccessControlContext.run(PrivilegedSetAccessControlContext.java:28) ~[tomcat-embed-core-10.1.5.jar:10.1.5]
?[0m?[0;34m	at java.base/java.security.AccessController.doPrivileged(AccessController.java:318) ~[na:na]
?[0m?[0;34m	at org.apache.tomcat.util.threads.TaskThreadFactory.newThread(TaskThreadFactory.java:64) ~[tomcat-embed-core-10.1.5.jar:10.1.5]
?[0m?[0;34m	at org.apache.tomcat.util.threads.ThreadPoolExecutor$Worker.<init>(ThreadPoolExecutor.java:653) ~[tomcat-embed-core-10.1.5.jar:10.1.5]
?[0m?[0;34m	at org.apache.tomcat.util.threads.ThreadPoolExecutor.addWorker(ThreadPoolExecutor.java:957) ~[tomcat-embed-core-10.1.5.jar:10.1.5]
?[0m?[0;34m	at org.apache.tomcat.util.threads.ThreadPoolExecutor.prestartAllCoreThreads(ThreadPoolExecutor.java:1694) ~[tomcat-embed-core-10.1.5.jar:10.1.5]
?[0m?[0;34m	at org.apache.tomcat.util.threads.ThreadPoolExecutor.<init>(ThreadPoolExecutor.java:1370) ~[tomcat-embed-core-10.1.5.jar:10.1.5]
?[0m?[0;34m	at org.apache.tomcat.util.threads.ThreadPoolExecutor.<init>(ThreadPoolExecutor.java:1280) ~[tomcat-embed-core-10.1.5.jar:10.1.5]
?[0m?[0;34m	at org.apache.tomcat.util.net.AbstractEndpoint.createExecutor(AbstractEndpoint.java:948) ~[tomcat-embed-core-10.1.5.jar:10.1.5]
?[0m?[0;34m	at org.apache.tomcat.util.net.NioEndpoint.startInternal(NioEndpoint.java:279) ~[tomcat-embed-core-10.1.5.jar:10.1.5]
?[0m?[0;34m	at org.apache.tomcat.util.net.AbstractEndpoint.start(AbstractEndpoint.java:1261) ~[tomcat-embed-core-10.1.5.jar:10.1.5]
?[0m?[0;34m	at org.apache.coyote.AbstractProtocol.start(AbstractProtocol.java:586) ~[tomcat-embed-core-10.1.5.jar:10.1.5]
?[0m?[0;34m	at org.apache.catalina.connector.Connector.startInternal(Connector.java:1081) ~[tomcat-embed-core-10.1.5.jar:10.1.5]
?[0m?[0;34m	at org.apache.catalina.util.LifecycleBase.start(LifecycleBase.java:183) ~[tomcat-embed-core-10.1.5.jar:10.1.5]
?[0m?[0;34m	at org.apache.catalina.core.StandardService.addConnector(StandardService.java:234) ~[tomcat-embed-core-10.1.5.jar:10.1.5]
?[0m?[0;34m	at org.springframework.boot.web.embedded.tomcat.TomcatWebServer.addPreviouslyRemovedConnectors(TomcatWebServer.java:282) ~[spring-boot-3.0.2.jar:3.0.2]
?[0m?[0;34m	at org.springframework.boot.web.embedded.tomcat.TomcatWebServer.start(TomcatWebServer.java:213) ~[spring-boot-3.0.2.jar:3.0.2]
?[0m?[0;34m	at org.springframework.boot.web.servlet.context.WebServerStartStopLifecycle.start(WebServerStartStopLifecycle.java:44) ~[spring-boot-3.0.2.jar:3.0.2]
?[0m?[0;34m	at org.springframework.context.support.DefaultLifecycleProcessor.doStart(DefaultLifecycleProcessor.java:178) ~[spring-context-6.0.4.jar:6.0.4]
?[0m?[0;34m	at org.springframework.context.support.DefaultLifecycleProcessor$LifecycleGroup.start(DefaultLifecycleProcessor.java:356) ~[spring-context-6.0.4.jar:6.0.4]
?[0m?[0;34m	at java.base/java.lang.Iterable.forEach(Iterable.java:75) ~[na:na]
?[0m?[0;34m	at org.springframework.context.support.DefaultLifecycleProcessor.startBeans(DefaultLifecycleProcessor.java:155) ~[spring-context-6.0.4.jar:6.0.4]
?[0m?[0;34m	at org.springframework.context.support.DefaultLifecycleProcessor.onRefresh(DefaultLifecycleProcessor.java:123) ~[spring-context-6.0.4.jar:6.0.4]
?[0m?[0;34m	at org.springframework.context.support.AbstractApplicationContext.finishRefresh(AbstractApplicationContext.java:932) ~[spring-context-6.0.4.jar:6.0.4]
?[0m?[0;34m	at org.springframework.context.support.AbstractApplicationContext.refresh(AbstractApplicationContext.java:587) ~[spring-context-6.0.4.jar:6.0.4]
?[0m?[0;34m	at org.springframework.boot.web.servlet.context.ServletWebServerApplicationContext.refresh(ServletWebServerApplicationContext.java:146) ~[spring-boot-3.0.2.jar:3.0.2]
?[0m?[0;34m	at org.springframework.boot.SpringApplication.refresh(SpringApplication.java:730) ~[spring-boot-3.0.2.jar:3.0.2]
?[0m?[0;34m	at org.springframework.boot.SpringApplication.refreshContext(SpringApplication.java:432) ~[spring-boot-3.0.2.jar:3.0.2]
?[0m?[0;34m	at org.springframework.boot.SpringApplication.run(SpringApplication.java:308) ~[spring-boot-3.0.2.jar:3.0.2]
?[0m?[0;34m	at org.springframework.boot.SpringApplication.run(SpringApplication.java:1302) ~[spring-boot-3.0.2.jar:3.0.2]
?[0m?[0;34m	at org.springframework.boot.SpringApplication.run(SpringApplication.java:1291) ~[spring-boot-3.0.2.jar:3.0.2]
?[0m?[0;34m	at account.AccountServiceApplication.main(AccountServiceApplication.java:10) ~[main/:na]
?[0m?[0;34m	at java.base/jdk.internal.reflect.NativeMethodAccessorImpl.invoke0(Native Method) ~[na:na]
?[0m?[0;34m	at java.base/jdk.internal.reflect.NativeMethodAccessorImpl.invoke(NativeMethodAccessorImpl.java:77) ~[na:na]
?[0m?[0;34m	at java.base/jdk.internal.reflect.DelegatingMethodAccessorImpl.invoke(DelegatingMethodAccessorImpl.java:43) ~[na:na]
?[0m?[0;34m	at java.base/java.lang.reflect.Method.invoke(Method.java:568) ~[na:na]
?[0m?[0;34m	at org.hyperskill.hstest.stage.SpringTest.startSpring(SpringTest.java:187) ~[hs-test-release-SNAPSHOT.jar:na]
?[0m?[0;34m	at org.hyperskill.hstest.stage.SpringTest.launchSpring(SpringTest.java:49) ~[hs-test-release-SNAPSHOT.jar:na]
?[0m?[0;34m	at org.hyperskill.hstest.testing.runner.SpringApplicationRunner.launchSpringBootApplication(SpringApplicationRunner.java:20) ~[hs-test-release-SNAPSHOT.jar:na]
?[0m?[0;34m	at org.hyperskill.hstest.testing.runner.SpringApplicationRunner.setUp(SpringApplicationRunner.java:35) ~[hs-test-release-SNAPSHOT.jar:na]
?[0m?[0;34m	at org.hyperskill.hstest.testing.TestRun.setUp(TestRun.java:77) ~[hs-test-release-SNAPSHOT.jar:na]
?[0m?[0;34m	at org.hyperskill.hstest.stage.StageTest.start(StageTest.java:159) ~[hs-test-release-SNAPSHOT.jar:na]
?[0m?[0;34m	at java.base/jdk.internal.reflect.NativeMethodAccessorImpl.invoke0(Native Method) ~[na:na]
?[0m?[0;34m	at java.base/jdk.internal.reflect.NativeMethodAccessorImpl.invoke(NativeMethodAccessorImpl.java:77) ~[na:na]
?[0m?[0;34m	at java.base/jdk.internal.reflect.DelegatingMethodAccessorImpl.invoke(DelegatingMethodAccessorImpl.java:43) ~[na:na]
?[0m?[0;34m	at java.base/java.lang.reflect.Method.invoke(Method.java:568) ~[na:na]
?[0m?[0;34m	at org.junit.runners.model.FrameworkMethod$1.runReflectiveCall(FrameworkMethod.java:59) ~[junit-4.13.2.jar:4.13.2]
?[0m?[0;34m	at org.junit.internal.runners.model.ReflectiveCallable.run(ReflectiveCallable.java:12) ~[junit-4.13.2.jar:4.13.2]
?[0m?[0;34m	at org.junit.runners.model.FrameworkMethod.invokeExplosively(FrameworkMethod.java:56) ~[junit-4.13.2.jar:4.13.2]
?[0m?[0;34m	at org.junit.internal.runners.statements.InvokeMethod.evaluate(InvokeMethod.java:17) ~[junit-4.13.2.jar:4.13.2]
?[0m?[0;34m	at org.junit.internal.runners.statements.RunAfters.evaluate(RunAfters.java:27) ~[junit-4.13.2.jar:4.13.2]
?[0m?[0;34m	at org.junit.runners.ParentRunner$3.evaluate(ParentRunner.java:306) ~[junit-4.13.2.jar:4.13.2]
?[0m?[0;34m	at org.junit.runners.BlockJUnit4ClassRunner$1.evaluate(BlockJUnit4ClassRunner.java:100) ~[junit-4.13.2.jar:4.13.2]
?[0m?[0;34m	at org.junit.runners.ParentRunner.runLeaf(ParentRunner.java:366) ~[junit-4.13.2.jar:4.13.2]
?[0m?[0;34m	at org.junit.runners.BlockJUnit4ClassRunner.runChild(BlockJUnit4ClassRunner.java:103) ~[junit-4.13.2.jar:4.13.2]
?[0m?[0;34m	at org.junit.runners.BlockJUnit4ClassRunner.runChild(BlockJUnit4ClassRunner.java:63) ~[junit-4.13.2.jar:4.13.2]
?[0m?[0;34m	at org.junit.runners.ParentRunner$4.run(ParentRunner.java:331) ~[junit-4.13.2.jar:4.13.2]
?[0m?[0;34m	at org.junit.runners.ParentRunner$1.schedule(ParentRunner.java:79) ~[junit-4.13.2.jar:4.13.2]
?[0m?[0;34m	at org.junit.runners.ParentRunner.runChildren(ParentRunner.java:329) ~[junit-4.13.2.jar:4.13.2]
?[0m?[0;34m	at org.junit.runners.ParentRunner.access$100(ParentRunner.java:66) ~[junit-4.13.2.jar:4.13.2]
?[0m?[0;34m	at org.junit.runners.ParentRunner$2.evaluate(ParentRunner.java:293) ~[junit-4.13.2.jar:4.13.2]
?[0m?[0;34m	at org.junit.runners.ParentRunner$3.evaluate(ParentRunner.java:306) ~[junit-4.13.2.jar:4.13.2]
?[0m?[0;34m	at org.junit.runners.ParentRunner.run(ParentRunner.java:413) ~[junit-4.13.2.jar:4.13.2]
?[0m?[0;34m	at org.gradle.api.internal.tasks.testing.junit.JUnitTestClassExecutor.runTestClass(JUnitTestClassExecutor.java:108) ~[na:na]
?[0m?[0;34m	at org.gradle.api.internal.tasks.testing.junit.JUnitTestClassExecutor.execute(JUnitTestClassExecutor.java:57) ~[na:na]
?[0m?[0;34m	at org.gradle.api.internal.tasks.testing.junit.JUnitTestClassExecutor.execute(JUnitTestClassExecutor.java:39) ~[na:na]
?[0m?[0;34m	at org.gradle.api.internal.tasks.testing.junit.AbstractJUnitTestClassProcessor.processTestClass(AbstractJUnitTestClassProcessor.java:62) ~[na:na]
?[0m?[0;34m	at org.gradle.api.internal.tasks.testing.SuiteTestClassProcessor.processTestClass(SuiteTestClassProcessor.java:52) ~[na:na]
?[0m?[0;34m	at java.base/jdk.internal.reflect.NativeMethodAccessorImpl.invoke0(Native Method) ~[na:na]
?[0m?[0;34m	at java.base/jdk.internal.reflect.NativeMethodAccessorImpl.invoke(NativeMethodAccessorImpl.java:77) ~[na:na]
?[0m?[0;34m	at java.base/jdk.internal.reflect.DelegatingMethodAccessorImpl.invoke(DelegatingMethodAccessorImpl.java:43) ~[na:na]
?[0m?[0;34m	at java.base/java.lang.reflect.Method.invoke(Method.java:568) ~[na:na]
?[0m?[0;34m	at org.gradle.internal.dispatch.ReflectionDispatch.dispatch(ReflectionDispatch.java:36) ~[na:na]
?[0m?[0;34m	at org.gradle.internal.dispatch.ReflectionDispatch.dispatch(ReflectionDispatch.java:24) ~[na:na]
?[0m?[0;34m	at org.gradle.internal.dispatch.ContextClassLoaderDispatch.dispatch(ContextClassLoaderDispatch.java:33) ~[na:na]
?[0m?[0;34m	at org.gradle.internal.dispatch.ProxyDispatchAdapter$DispatchingInvocationHandler.invoke(ProxyDispatchAdapter.java:94) ~[na:na]
?[0m?[0;34m	at jdk.proxy1/jdk.proxy1.$Proxy2.processTestClass(Unknown Source) ~[na:na]
?[0m?[0;34m	at org.gradle.api.internal.tasks.testing.worker.TestWorker$2.run(TestWorker.java:176) ~[na:na]
?[0m?[0;34m	at org.gradle.api.internal.tasks.testing.worker.TestWorker.executeAndMaintainThreadName(TestWorker.java:129) ~[na:na]
?[0m?[0;34m	at org.gradle.api.internal.tasks.testing.worker.TestWorker.execute(TestWorker.java:100) ~[na:na]
?[0m?[0;34m	at org.gradle.api.internal.tasks.testing.worker.TestWorker.execute(TestWorker.java:60) ~[na:na]
?[0m?[0;34m	at org.gradle.process.internal.worker.child.ActionExecutionWorker.execute(ActionExecutionWorker.java:56) ~[na:na]
?[0m?[0;34m	at org.gradle.process.internal.worker.child.SystemApplicationClassLoaderWorker.call(SystemApplicationClassLoaderWorker.java:113) ~[na:na]
?[0m?[0;34m	at org.gradle.process.internal.worker.child.SystemApplicationClassLoaderWorker.call(SystemApplicationClassLoaderWorker.java:65) ~[na:na]
?[0m?[0;34m	at worker.org.gradle.process.internal.worker.GradleWorkerMain.run(GradleWorkerMain.java:69) ~[gradle-worker.jar:na]
?[0m?[0;34m	at worker.org.gradle.process.internal.worker.GradleWorkerMain.main(GradleWorkerMain.java:74) ~[gradle-worker.jar:na]
?[0m?[0;34m
?[0m?[0;34m?[2m2023-06-28T13:48:18.547-04:00?[0;39m ?[33m WARN?[0;39m ?[35m5672?[0;39m ?[2m---?[0;39m ?[2m[    Test worker]?[0;39m ?[36m.t.u.s.PrivilegedSetAccessControlContext?[0;39m ?[2m:?[0;39m Unable to set field Thread.inheritedAccessControlContext
?[0m?[0;34m
?[0m?[0;34mjava.lang.IllegalAccessException: class org.apache.tomcat.util.security.PrivilegedSetAccessControlContext cannot access a member of class java.lang.Thread (in module java.base) with modifiers "private"
?[0m?[0;34m	at java.base/jdk.internal.reflect.Reflection.newIllegalAccessException(Reflection.java:392) ~[na:na]
?[0m?[0;34m	at java.base/java.lang.reflect.AccessibleObject.checkAccess(AccessibleObject.java:674) ~[na:na]
?[0m?[0;34m	at java.base/java.lang.reflect.Field.checkAccess(Field.java:1102) ~[na:na]
?[0m?[0;34m	at java.base/java.lang.reflect.Field.set(Field.java:797) ~[na:na]
?[0m?[0;34m	at org.apache.tomcat.util.security.PrivilegedSetAccessControlContext.run(PrivilegedSetAccessControlContext.java:60) ~[tomcat-embed-core-10.1.5.jar:10.1.5]
?[0m?[0;34m	at org.apache.tomcat.util.security.PrivilegedSetAccessControlContext.run(PrivilegedSetAccessControlContext.java:28) ~[tomcat-embed-core-10.1.5.jar:10.1.5]
?[0m?[0;34m	at java.base/java.security.AccessController.doPrivileged(AccessController.java:318) ~[na:na]
?[0m?[0;34m	at org.apache.tomcat.util.threads.TaskThreadFactory.newThread(TaskThreadFactory.java:64) ~[tomcat-embed-core-10.1.5.jar:10.1.5]
?[0m?[0;34m	at org.apache.tomcat.util.threads.ThreadPoolExecutor$Worker.<init>(ThreadPoolExecutor.java:653) ~[tomcat-embed-core-10.1.5.jar:10.1.5]
?[0m?[0;34m	at org.apache.tomcat.util.threads.ThreadPoolExecutor.addWorker(ThreadPoolExecutor.java:957) ~[tomcat-embed-core-10.1.5.jar:10.1.5]
?[0m?[0;34m	at org.apache.tomcat.util.threads.ThreadPoolExecutor.prestartAllCoreThreads(ThreadPoolExecutor.java:1694) ~[tomcat-embed-core-10.1.5.jar:10.1.5]
?[0m?[0;34m	at org.apache.tomcat.util.threads.ThreadPoolExecutor.<init>(ThreadPoolExecutor.java:1370) ~[tomcat-embed-core-10.1.5.jar:10.1.5]
?[0m?[0;34m	at org.apache.tomcat.util.threads.ThreadPoolExecutor.<init>(ThreadPoolExecutor.java:1280) ~[tomcat-embed-core-10.1.5.jar:10.1.5]
?[0m?[0;34m	at org.apache.tomcat.util.net.AbstractEndpoint.createExecutor(AbstractEndpoint.java:948) ~[tomcat-embed-core-10.1.5.jar:10.1.5]
?[0m?[0;34m	at org.apache.tomcat.util.net.NioEndpoint.startInternal(NioEndpoint.java:279) ~[tomcat-embed-core-10.1.5.jar:10.1.5]
?[0m?[0;34m	at org.apache.tomcat.util.net.AbstractEndpoint.start(AbstractEndpoint.java:1261) ~[tomcat-embed-core-10.1.5.jar:10.1.5]
?[0m?[0;34m	at org.apache.coyote.AbstractProtocol.start(AbstractProtocol.java:586) ~[tomcat-embed-core-10.1.5.jar:10.1.5]
?[0m?[0;34m	at org.apache.catalina.connector.Connector.startInternal(Connector.java:1081) ~[tomcat-embed-core-10.1.5.jar:10.1.5]
?[0m?[0;34m	at org.apache.catalina.util.LifecycleBase.start(LifecycleBase.java:183) ~[tomcat-embed-core-10.1.5.jar:10.1.5]
?[0m?[0;34m	at org.apache.catalina.core.StandardService.addConnector(StandardService.java:234) ~[tomcat-embed-core-10.1.5.jar:10.1.5]
?[0m?[0;34m	at org.springframework.boot.web.embedded.tomcat.TomcatWebServer.addPreviouslyRemovedConnectors(TomcatWebServer.java:282) ~[spring-boot-3.0.2.jar:3.0.2]
?[0m?[0;34m	at org.springframework.boot.web.embedded.tomcat.TomcatWebServer.start(TomcatWebServer.java:213) ~[spring-boot-3.0.2.jar:3.0.2]
?[0m?[0;34m	at org.springframework.boot.web.servlet.context.WebServerStartStopLifecycle.start(WebServerStartStopLifecycle.java:44) ~[spring-boot-3.0.2.jar:3.0.2]
?[0m?[0;34m	at org.springframework.context.support.DefaultLifecycleProcessor.doStart(DefaultLifecycleProcessor.java:178) ~[spring-context-6.0.4.jar:6.0.4]
?[0m?[0;34m	at org.springframework.context.support.DefaultLifecycleProcessor$LifecycleGroup.start(DefaultLifecycleProcessor.java:356) ~[spring-context-6.0.4.jar:6.0.4]
?[0m?[0;34m	at java.base/java.lang.Iterable.forEach(Iterable.java:75) ~[na:na]
?[0m?[0;34m	at org.springframework.context.support.DefaultLifecycleProcessor.startBeans(DefaultLifecycleProcessor.java:155) ~[spring-context-6.0.4.jar:6.0.4]
?[0m?[0;34m	at org.springframework.context.support.DefaultLifecycleProcessor.onRefresh(DefaultLifecycleProcessor.java:123) ~[spring-context-6.0.4.jar:6.0.4]
?[0m?[0;34m	at org.springframework.context.support.AbstractApplicationContext.finishRefresh(AbstractApplicationContext.java:932) ~[spring-context-6.0.4.jar:6.0.4]
?[0m?[0;34m	at org.springframework.context.support.AbstractApplicationContext.refresh(AbstractApplicationContext.java:587) ~[spring-context-6.0.4.jar:6.0.4]
?[0m?[0;34m	at org.springframework.boot.web.servlet.context.ServletWebServerApplicationContext.refresh(ServletWebServerApplicationContext.java:146) ~[spring-boot-3.0.2.jar:3.0.2]
?[0m?[0;34m	at org.springframework.boot.SpringApplication.refresh(SpringApplication.java:730) ~[spring-boot-3.0.2.jar:3.0.2]
?[0m?[0;34m	at org.springframework.boot.SpringApplication.refreshContext(SpringApplication.java:432) ~[spring-boot-3.0.2.jar:3.0.2]
?[0m?[0;34m	at org.springframework.boot.SpringApplication.run(SpringApplication.java:308) ~[spring-boot-3.0.2.jar:3.0.2]
?[0m?[0;34m	at org.springframework.boot.SpringApplication.run(SpringApplication.java:1302) ~[spring-boot-3.0.2.jar:3.0.2]
?[0m?[0;34m	at org.springframework.boot.SpringApplication.run(SpringApplication.java:1291) ~[spring-boot-3.0.2.jar:3.0.2]
?[0m?[0;34m	at account.AccountServiceApplication.main(AccountServiceApplication.java:10) ~[main/:na]
?[0m?[0;34m	at java.base/jdk.internal.reflect.NativeMethodAccessorImpl.invoke0(Native Method) ~[na:na]
?[0m?[0;34m	at java.base/jdk.internal.reflect.NativeMethodAccessorImpl.invoke(NativeMethodAccessorImpl.java:77) ~[na:na]
?[0m?[0;34m	at java.base/jdk.internal.reflect.DelegatingMethodAccessorImpl.invoke(DelegatingMethodAccessorImpl.java:43) ~[na:na]
?[0m?[0;34m	at java.base/java.lang.reflect.Method.invoke(Method.java:568) ~[na:na]
?[0m?[0;34m	at org.hyperskill.hstest.stage.SpringTest.startSpring(SpringTest.java:187) ~[hs-test-release-SNAPSHOT.jar:na]
?[0m?[0;34m	at org.hyperskill.hstest.stage.SpringTest.launchSpring(SpringTest.java:49) ~[hs-test-release-SNAPSHOT.jar:na]
?[0m?[0;34m	at org.hyperskill.hstest.testing.runner.SpringApplicationRunner.launchSpringBootApplication(SpringApplicationRunner.java:20) ~[hs-test-release-SNAPSHOT.jar:na]
?[0m?[0;34m	at org.hyperskill.hstest.testing.runner.SpringApplicationRunner.setUp(SpringApplicationRunner.java:35) ~[hs-test-release-SNAPSHOT.jar:na]
?[0m?[0;34m	at org.hyperskill.hstest.testing.TestRun.setUp(TestRun.java:77) ~[hs-test-release-SNAPSHOT.jar:na]
?[0m?[0;34m	at org.hyperskill.hstest.stage.StageTest.start(StageTest.java:159) ~[hs-test-release-SNAPSHOT.jar:na]
?[0m?[0;34m	at java.base/jdk.internal.reflect.NativeMethodAccessorImpl.invoke0(Native Method) ~[na:na]
?[0m?[0;34m	at java.base/jdk.internal.reflect.NativeMethodAccessorImpl.invoke(NativeMethodAccessorImpl.java:77) ~[na:na]
?[0m?[0;34m	at java.base/jdk.internal.reflect.DelegatingMethodAccessorImpl.invoke(DelegatingMethodAccessorImpl.java:43) ~[na:na]
?[0m?[0;34m	at java.base/java.lang.reflect.Method.invoke(Method.java:568) ~[na:na]
?[0m?[0;34m	at org.junit.runners.model.FrameworkMethod$1.runReflectiveCall(FrameworkMethod.java:59) ~[junit-4.13.2.jar:4.13.2]
?[0m?[0;34m	at org.junit.internal.runners.model.ReflectiveCallable.run(ReflectiveCallable.java:12) ~[junit-4.13.2.jar:4.13.2]
?[0m?[0;34m	at org.junit.runners.model.FrameworkMethod.invokeExplosively(FrameworkMethod.java:56) ~[junit-4.13.2.jar:4.13.2]
?[0m?[0;34m	at org.junit.internal.runners.statements.InvokeMethod.evaluate(InvokeMethod.java:17) ~[junit-4.13.2.jar:4.13.2]
?[0m?[0;34m	at org.junit.internal.runners.statements.RunAfters.evaluate(RunAfters.java:27) ~[junit-4.13.2.jar:4.13.2]
?[0m?[0;34m	at org.junit.runners.ParentRunner$3.evaluate(ParentRunner.java:306) ~[junit-4.13.2.jar:4.13.2]
?[0m?[0;34m	at org.junit.runners.BlockJUnit4ClassRunner$1.evaluate(BlockJUnit4ClassRunner.java:100) ~[junit-4.13.2.jar:4.13.2]
?[0m?[0;34m	at org.junit.runners.ParentRunner.runLeaf(ParentRunner.java:366) ~[junit-4.13.2.jar:4.13.2]
?[0m?[0;34m	at org.junit.runners.BlockJUnit4ClassRunner.runChild(BlockJUnit4ClassRunner.java:103) ~[junit-4.13.2.jar:4.13.2]
?[0m?[0;34m	at org.junit.runners.BlockJUnit4ClassRunner.runChild(BlockJUnit4ClassRunner.java:63) ~[junit-4.13.2.jar:4.13.2]
?[0m?[0;34m	at org.junit.runners.ParentRunner$4.run(ParentRunner.java:331) ~[junit-4.13.2.jar:4.13.2]
?[0m?[0;34m	at org.junit.runners.ParentRunner$1.schedule(ParentRunner.java:79) ~[junit-4.13.2.jar:4.13.2]
?[0m?[0;34m	at org.junit.runners.ParentRunner.runChildren(ParentRunner.java:329) ~[junit-4.13.2.jar:4.13.2]
?[0m?[0;34m	at org.junit.runners.ParentRunner.access$100(ParentRunner.java:66) ~[junit-4.13.2.jar:4.13.2]
?[0m?[0;34m	at org.junit.runners.ParentRunner$2.evaluate(ParentRunner.java:293) ~[junit-4.13.2.jar:4.13.2]
?[0m?[0;34m	at org.junit.runners.ParentRunner$3.evaluate(ParentRunner.java:306) ~[junit-4.13.2.jar:4.13.2]
?[0m?[0;34m	at org.junit.runners.ParentRunner.run(ParentRunner.java:413) ~[junit-4.13.2.jar:4.13.2]
?[0m?[0;34m	at org.gradle.api.internal.tasks.testing.junit.JUnitTestClassExecutor.runTestClass(JUnitTestClassExecutor.java:108) ~[na:na]
?[0m?[0;34m	at org.gradle.api.internal.tasks.testing.junit.JUnitTestClassExecutor.execute(JUnitTestClassExecutor.java:57) ~[na:na]
?[0m?[0;34m	at org.gradle.api.internal.tasks.testing.junit.JUnitTestClassExecutor.execute(JUnitTestClassExecutor.java:39) ~[na:na]
?[0m?[0;34m	at org.gradle.api.internal.tasks.testing.junit.AbstractJUnitTestClassProcessor.processTestClass(AbstractJUnitTestClassProcessor.java:62) ~[na:na]
?[0m?[0;34m	at org.gradle.api.internal.tasks.testing.SuiteTestClassProcessor.processTestClass(SuiteTestClassProcessor.java:52) ~[na:na]
?[0m?[0;34m	at java.base/jdk.internal.reflect.NativeMethodAccessorImpl.invoke0(Native Method) ~[na:na]
?[0m?[0;34m	at java.base/jdk.internal.reflect.NativeMethodAccessorImpl.invoke(NativeMethodAccessorImpl.java:77) ~[na:na]
?[0m?[0;34m	at java.base/jdk.internal.reflect.DelegatingMethodAccessorImpl.invoke(DelegatingMethodAccessorImpl.java:43) ~[na:na]
?[0m?[0;34m	at java.base/java.lang.reflect.Method.invoke(Method.java:568) ~[na:na]
?[0m?[0;34m	at org.gradle.internal.dispatch.ReflectionDispatch.dispatch(ReflectionDispatch.java:36) ~[na:na]
?[0m?[0;34m	at org.gradle.internal.dispatch.ReflectionDispatch.dispatch(ReflectionDispatch.java:24) ~[na:na]
?[0m?[0;34m	at org.gradle.internal.dispatch.ContextClassLoaderDispatch.dispatch(ContextClassLoaderDispatch.java:33) ~[na:na]
?[0m?[0;34m	at org.gradle.internal.dispatch.ProxyDispatchAdapter$DispatchingInvocationHandler.invoke(ProxyDispatchAdapter.java:94) ~[na:na]
?[0m?[0;34m	at jdk.proxy1/jdk.proxy1.$Proxy2.processTestClass(Unknown Source) ~[na:na]
?[0m?[0;34m	at org.gradle.api.internal.tasks.testing.worker.TestWorker$2.run(TestWorker.java:176) ~[na:na]
?[0m?[0;34m	at org.gradle.api.internal.tasks.testing.worker.TestWorker.executeAndMaintainThreadName(TestWorker.java:129) ~[na:na]
?[0m?[0;34m	at org.gradle.api.internal.tasks.testing.worker.TestWorker.execute(TestWorker.java:100) ~[na:na]
?[0m?[0;34m	at org.gradle.api.internal.tasks.testing.worker.TestWorker.execute(TestWorker.java:60) ~[na:na]
?[0m?[0;34m	at org.gradle.process.internal.worker.child.ActionExecutionWorker.execute(ActionExecutionWorker.java:56) ~[na:na]
?[0m?[0;34m	at org.gradle.process.internal.worker.child.SystemApplicationClassLoaderWorker.call(SystemApplicationClassLoaderWorker.java:113) ~[na:na]
?[0m?[0;34m	at org.gradle.process.internal.worker.child.SystemApplicationClassLoaderWorker.call(SystemApplicationClassLoaderWorker.java:65) ~[na:na]
?[0m?[0;34m	at worker.org.gradle.process.internal.worker.GradleWorkerMain.run(GradleWorkerMain.java:69) ~[gradle-worker.jar:na]
?[0m?[0;34m	at worker.org.gradle.process.internal.worker.GradleWorkerMain.main(GradleWorkerMain.java:74) ~[gradle-worker.jar:na]
?[0m?[0;34m
?[0m?[0;34m?[2m2023-06-28T13:48:18.552-04:00?[0;39m ?[33m WARN?[0;39m ?[35m5672?[0;39m ?[2m---?[0;39m ?[2m[    Test worker]?[0;39m ?[36m.t.u.s.PrivilegedSetAccessControlContext?[0;39m ?[2m:?[0;39m Unable to set field Thread.inheritedAccessControlContext
?[0m?[0;34m
?[0m?[0;34mjava.lang.IllegalAccessException: class org.apache.tomcat.util.security.PrivilegedSetAccessControlContext cannot access a member of class java.lang.Thread (in module java.base) with modifiers "private"
?[0m?[0;34m	at java.base/jdk.internal.reflect.Reflection.newIllegalAccessException(Reflection.java:392) ~[na:na]
?[0m?[0;34m	at java.base/java.lang.reflect.AccessibleObject.checkAccess(AccessibleObject.java:674) ~[na:na]
?[0m?[0;34m	at java.base/java.lang.reflect.Field.checkAccess(Field.java:1102) ~[na:na]
?[0m?[0;34m	at java.base/java.lang.reflect.Field.set(Field.java:797) ~[na:na]
?[0m?[0;34m	at org.apache.tomcat.util.security.PrivilegedSetAccessControlContext.run(PrivilegedSetAccessControlContext.java:60) ~[tomcat-embed-core-10.1.5.jar:10.1.5]
?[0m?[0;34m	at org.apache.tomcat.util.security.PrivilegedSetAccessControlContext.run(PrivilegedSetAccessControlContext.java:28) ~[tomcat-embed-core-10.1.5.jar:10.1.5]
?[0m?[0;34m	at java.base/java.security.AccessController.doPrivileged(AccessController.java:318) ~[na:na]
?[0m?[0;34m	at org.apache.tomcat.util.threads.TaskThreadFactory.newThread(TaskThreadFactory.java:64) ~[tomcat-embed-core-10.1.5.jar:10.1.5]
?[0m?[0;34m	at org.apache.tomcat.util.threads.ThreadPoolExecutor$Worker.<init>(ThreadPoolExecutor.java:653) ~[tomcat-embed-core-10.1.5.jar:10.1.5]
?[0m?[0;34m	at org.apache.tomcat.util.threads.ThreadPoolExecutor.addWorker(ThreadPoolExecutor.java:957) ~[tomcat-embed-core-10.1.5.jar:10.1.5]
?[0m?[0;34m	at org.apache.tomcat.util.threads.ThreadPoolExecutor.prestartAllCoreThreads(ThreadPoolExecutor.java:1694) ~[tomcat-embed-core-10.1.5.jar:10.1.5]
?[0m?[0;34m	at org.apache.tomcat.util.threads.ThreadPoolExecutor.<init>(ThreadPoolExecutor.java:1370) ~[tomcat-embed-core-10.1.5.jar:10.1.5]
?[0m?[0;34m	at org.apache.tomcat.util.threads.ThreadPoolExecutor.<init>(ThreadPoolExecutor.java:1280) ~[tomcat-embed-core-10.1.5.jar:10.1.5]
?[0m?[0;34m	at org.apache.tomcat.util.net.AbstractEndpoint.createExecutor(AbstractEndpoint.java:948) ~[tomcat-embed-core-10.1.5.jar:10.1.5]
?[0m?[0;34m	at org.apache.tomcat.util.net.NioEndpoint.startInternal(NioEndpoint.java:279) ~[tomcat-embed-core-10.1.5.jar:10.1.5]
?[0m?[0;34m	at org.apache.tomcat.util.net.AbstractEndpoint.start(AbstractEndpoint.java:1261) ~[tomcat-embed-core-10.1.5.jar:10.1.5]
?[0m?[0;34m	at org.apache.coyote.AbstractProtocol.start(AbstractProtocol.java:586) ~[tomcat-embed-core-10.1.5.jar:10.1.5]
?[0m?[0;34m	at org.apache.catalina.connector.Connector.startInternal(Connector.java:1081) ~[tomcat-embed-core-10.1.5.jar:10.1.5]
?[0m?[0;34m	at org.apache.catalina.util.LifecycleBase.start(LifecycleBase.java:183) ~[tomcat-embed-core-10.1.5.jar:10.1.5]
?[0m?[0;34m	at org.apache.catalina.core.StandardService.addConnector(StandardService.java:234) ~[tomcat-embed-core-10.1.5.jar:10.1.5]
?[0m?[0;34m	at org.springframework.boot.web.embedded.tomcat.TomcatWebServer.addPreviouslyRemovedConnectors(TomcatWebServer.java:282) ~[spring-boot-3.0.2.jar:3.0.2]
?[0m?[0;34m	at org.springframework.boot.web.embedded.tomcat.TomcatWebServer.start(TomcatWebServer.java:213) ~[spring-boot-3.0.2.jar:3.0.2]
?[0m?[0;34m	at org.springframework.boot.web.servlet.context.WebServerStartStopLifecycle.start(WebServerStartStopLifecycle.java:44) ~[spring-boot-3.0.2.jar:3.0.2]
?[0m?[0;34m	at org.springframework.context.support.DefaultLifecycleProcessor.doStart(DefaultLifecycleProcessor.java:178) ~[spring-context-6.0.4.jar:6.0.4]
?[0m?[0;34m	at org.springframework.context.support.DefaultLifecycleProcessor$LifecycleGroup.start(DefaultLifecycleProcessor.java:356) ~[spring-context-6.0.4.jar:6.0.4]
?[0m?[0;34m	at java.base/java.lang.Iterable.forEach(Iterable.java:75) ~[na:na]
?[0m?[0;34m	at org.springframework.context.support.DefaultLifecycleProcessor.startBeans(DefaultLifecycleProcessor.java:155) ~[spring-context-6.0.4.jar:6.0.4]
?[0m?[0;34m	at org.springframework.context.support.DefaultLifecycleProcessor.onRefresh(DefaultLifecycleProcessor.java:123) ~[spring-context-6.0.4.jar:6.0.4]
?[0m?[0;34m	at org.springframework.context.support.AbstractApplicationContext.finishRefresh(AbstractApplicationContext.java:932) ~[spring-context-6.0.4.jar:6.0.4]
?[0m?[0;34m	at org.springframework.context.support.AbstractApplicationContext.refresh(AbstractApplicationContext.java:587) ~[spring-context-6.0.4.jar:6.0.4]
?[0m?[0;34m	at org.springframework.boot.web.servlet.context.ServletWebServerApplicationContext.refresh(ServletWebServerApplicationContext.java:146) ~[spring-boot-3.0.2.jar:3.0.2]
?[0m?[0;34m	at org.springframework.boot.SpringApplication.refresh(SpringApplication.java:730) ~[spring-boot-3.0.2.jar:3.0.2]
?[0m?[0;34m	at org.springframework.boot.SpringApplication.refreshContext(SpringApplication.java:432) ~[spring-boot-3.0.2.jar:3.0.2]
?[0m?[0;34m	at org.springframework.boot.SpringApplication.run(SpringApplication.java:308) ~[spring-boot-3.0.2.jar:3.0.2]
?[0m?[0;34m	at org.springframework.boot.SpringApplication.run(SpringApplication.java:1302) ~[spring-boot-3.0.2.jar:3.0.2]
?[0m?[0;34m	at org.springframework.boot.SpringApplication.run(SpringApplication.java:1291) ~[spring-boot-3.0.2.jar:3.0.2]
?[0m?[0;34m	at account.AccountServiceApplication.main(AccountServiceApplication.java:10) ~[main/:na]
?[0m?[0;34m	at java.base/jdk.internal.reflect.NativeMethodAccessorImpl.invoke0(Native Method) ~[na:na]
?[0m?[0;34m	at java.base/jdk.internal.reflect.NativeMethodAccessorImpl.invoke(NativeMethodAccessorImpl.java:77) ~[na:na]
?[0m?[0;34m	at java.base/jdk.internal.reflect.DelegatingMethodAccessorImpl.invoke(DelegatingMethodAccessorImpl.java:43) ~[na:na]
?[0m?[0;34m	at java.base/java.lang.reflect.Method.invoke(Method.java:568) ~[na:na]
?[0m?[0;34m	at org.hyperskill.hstest.stage.SpringTest.startSpring(SpringTest.java:187) ~[hs-test-release-SNAPSHOT.jar:na]
?[0m?[0;34m	at org.hyperskill.hstest.stage.SpringTest.launchSpring(SpringTest.java:49) ~[hs-test-release-SNAPSHOT.jar:na]
?[0m?[0;34m	at org.hyperskill.hstest.testing.runner.SpringApplicationRunner.launchSpringBootApplication(SpringApplicationRunner.java:20) ~[hs-test-release-SNAPSHOT.jar:na]
?[0m?[0;34m	at org.hyperskill.hstest.testing.runner.SpringApplicationRunner.setUp(SpringApplicationRunner.java:35) ~[hs-test-release-SNAPSHOT.jar:na]
?[0m?[0;34m	at org.hyperskill.hstest.testing.TestRun.setUp(TestRun.java:77) ~[hs-test-release-SNAPSHOT.jar:na]
?[0m?[0;34m	at org.hyperskill.hstest.stage.StageTest.start(StageTest.java:159) ~[hs-test-release-SNAPSHOT.jar:na]
[...]
?[0m?[0;34m	at org.springframework.boot.SpringApplication.refresh(SpringApplication.java:730) ~[spring-boot-3.0.2.jar:3.0.2]
?[0m?[0;34m	at org.springframework.boot.SpringApplication.refreshContext(SpringApplication.java:432) ~[spring-boot-3.0.2.jar:3.0.2]
?[0m?[0;34m	at org.springframework.boot.SpringApplication.run(SpringApplication.java:308) ~[spring-boot-3.0.2.jar:3.0.2]
?[0m?[0;34m	at org.springframework.boot.SpringApplication.run(SpringApplication.java:1302) ~[spring-boot-3.0.2.jar:3.0.2]
?[0m?[0;34m	at org.springframework.boot.SpringApplication.run(SpringApplication.java:1291) ~[spring-boot-3.0.2.jar:3.0.2]
?[0m?[0;34m	at account.AccountServiceApplication.main(AccountServiceApplication.java:10) ~[main/:na]
?[0m?[0;34m	at java.base/jdk.internal.reflect.NativeMethodAccessorImpl.invoke0(Native Method) ~[na:na]
?[0m?[0;34m	at java.base/jdk.internal.reflect.NativeMethodAccessorImpl.invoke(NativeMethodAccessorImpl.java:77) ~[na:na]
?[0m?[0;34m	at java.base/jdk.internal.reflect.DelegatingMethodAccessorImpl.invoke(DelegatingMethodAccessorImpl.java:43) ~[na:na]
?[0m?[0;34m	at java.base/java.lang.reflect.Method.invoke(Method.java:568) ~[na:na]
?[0m?[0;34m	at org.hyperskill.hstest.stage.SpringTest.startSpring(SpringTest.java:187) ~[hs-test-release-SNAPSHOT.jar:na]
?[0m?[0;34m	at org.hyperskill.hstest.stage.SpringTest.launchSpring(SpringTest.java:49) ~[hs-test-release-SNAPSHOT.jar:na]
?[0m?[0;34m	at org.hyperskill.hstest.testing.runner.SpringApplicationRunner.launchSpringBootApplication(SpringApplicationRunner.java:20) ~[hs-test-release-SNAPSHOT.jar:na]
?[0m?[0;34m	at org.hyperskill.hstest.testing.runner.SpringApplicationRunner.setUp(SpringApplicationRunner.java:35) ~[hs-test-release-SNAPSHOT.jar:na]
?[0m?[0;34m	at org.hyperskill.hstest.testing.TestRun.setUp(TestRun.java:77) ~[hs-test-release-SNAPSHOT.jar:na]
?[0m?[0;34m	at org.hyperskill.hstest.stage.StageTest.start(StageTest.java:159) ~[hs-test-release-SNAPSHOT.jar:na]
?[0m?[0;34m	at java.base/jdk.internal.reflect.NativeMethodAccessorImpl.invoke0(Native Method) ~[na:na]
?[0m?[0;34m	at java.base/jdk.internal.reflect.NativeMethodAccessorImpl.invoke(NativeMethodAccessorImpl.java:77) ~[na:na]
?[0m?[0;34m	at java.base/jdk.internal.reflect.DelegatingMethodAccessorImpl.invoke(DelegatingMethodAccessorImpl.java:43) ~[na:na]
?[0m?[0;34m	at java.base/java.lang.reflect.Method.invoke(Method.java:568) ~[na:na]
?[0m?[0;34m	at org.junit.runners.model.FrameworkMethod$1.runReflectiveCall(FrameworkMethod.java:59) ~[junit-4.13.2.jar:4.13.2]
?[0m?[0;34m	at org.junit.internal.runners.model.ReflectiveCallable.run(ReflectiveCallable.java:12) ~[junit-4.13.2.jar:4.13.2]
?[0m?[0;34m	at org.junit.runners.model.FrameworkMethod.invokeExplosively(FrameworkMethod.java:56) ~[junit-4.13.2.jar:4.13.2]
?[0m?[0;34m	at org.junit.internal.runners.statements.InvokeMethod.evaluate(InvokeMethod.java:17) ~[junit-4.13.2.jar:4.13.2]
?[0m?[0;34m	at org.junit.internal.runners.statements.RunAfters.evaluate(RunAfters.java:27) ~[junit-4.13.2.jar:4.13.2]
?[0m?[0;34m	at org.junit.runners.ParentRunner$3.evaluate(ParentRunner.java:306) ~[junit-4.13.2.jar:4.13.2]
?[0m?[0;34m	at org.junit.runners.BlockJUnit4ClassRunner$1.evaluate(BlockJUnit4ClassRunner.java:100) ~[junit-4.13.2.jar:4.13.2]
?[0m?[0;34m	at org.junit.runners.ParentRunner.runLeaf(ParentRunner.java:366) ~[junit-4.13.2.jar:4.13.2]
?[0m?[0;34m	at org.junit.runners.BlockJUnit4ClassRunner.runChild(BlockJUnit4ClassRunner.java:103) ~[junit-4.13.2.jar:4.13.2]
?[0m?[0;34m	at org.junit.runners.BlockJUnit4ClassRunner.runChild(BlockJUnit4ClassRunner.java:63) ~[junit-4.13.2.jar:4.13.2]
?[0m?[0;34m	at org.junit.runners.ParentRunner$4.run(ParentRunner.java:331) ~[junit-4.13.2.jar:4.13.2]
?[0m?[0;34m	at org.junit.runners.ParentRunner$1.schedule(ParentRunner.java:79) ~[junit-4.13.2.jar:4.13.2]
?[0m?[0;34m	at org.junit.runners.ParentRunner.runChildren(ParentRunner.java:329) ~[junit-4.13.2.jar:4.13.2]
?[0m?[0;34m	at org.junit.runners.ParentRunner.access$100(ParentRunner.java:66) ~[junit-4.13.2.jar:4.13.2]
?[0m?[0;34m	at org.junit.runners.ParentRunner$2.evaluate(ParentRunner.java:293) ~[junit-4.13.2.jar:4.13.2]
?[0m?[0;34m	at org.junit.runners.ParentRunner$3.evaluate(ParentRunner.java:306) ~[junit-4.13.2.jar:4.13.2]
?[0m?[0;34m	at org.junit.runners.ParentRunner.run(ParentRunner.java:413) ~[junit-4.13.2.jar:4.13.2]
?[0m?[0;34m	at org.gradle.api.internal.tasks.testing.junit.JUnitTestClassExecutor.runTestClass(JUnitTestClassExecutor.java:108) ~[na:na]
?[0m?[0;34m	at org.gradle.api.internal.tasks.testing.junit.JUnitTestClassExecutor.execute(JUnitTestClassExecutor.java:57) ~[na:na]
?[0m?[0;34m	at org.gradle.api.internal.tasks.testing.junit.JUnitTestClassExecutor.execute(JUnitTestClassExecutor.java:39) ~[na:na]
?[0m?[0;34m	at org.gradle.api.internal.tasks.testing.junit.AbstractJUnitTestClassProcessor.processTestClass(AbstractJUnitTestClassProcessor.java:62) ~[na:na]
?[0m?[0;34m	at org.gradle.api.internal.tasks.testing.SuiteTestClassProcessor.processTestClass(SuiteTestClassProcessor.java:52) ~[na:na]
?[0m?[0;34m	at java.base/jdk.internal.reflect.NativeMethodAccessorImpl.invoke0(Native Method) ~[na:na]
?[0m?[0;34m	at java.base/jdk.internal.reflect.NativeMethodAccessorImpl.invoke(NativeMethodAccessorImpl.java:77) ~[na:na]
?[0m?[0;34m	at java.base/jdk.internal.reflect.DelegatingMethodAccessorImpl.invoke(DelegatingMethodAccessorImpl.java:43) ~[na:na]
?[0m?[0;34m	at java.base/java.lang.reflect.Method.invoke(Method.java:568) ~[na:na]
?[0m?[0;34m	at org.gradle.internal.dispatch.ReflectionDispatch.dispatch(ReflectionDispatch.java:36) ~[na:na]
?[0m?[0;34m	at org.gradle.internal.dispatch.ReflectionDispatch.dispatch(ReflectionDispatch.java:24) ~[na:na]
?[0m?[0;34m	at org.gradle.internal.dispatch.ContextClassLoaderDispatch.dispatch(ContextClassLoaderDispatch.java:33) ~[na:na]
?[0m?[0;34m	at org.gradle.internal.dispatch.ProxyDispatchAdapter$DispatchingInvocationHandler.invoke(ProxyDispatchAdapter.java:94) ~[na:na]
?[0m?[0;34m	at jdk.proxy1/jdk.proxy1.$Proxy2.processTestClass(Unknown Source) ~[na:na]
?[0m?[0;34m	at org.gradle.api.internal.tasks.testing.worker.TestWorker$2.run(TestWorker.java:176) ~[na:na]
?[0m?[0;34m	at org.gradle.api.internal.tasks.testing.worker.TestWorker.executeAndMaintainThreadName(TestWorker.java:129) ~[na:na]
?[0m?[0;34m	at org.gradle.api.internal.tasks.testing.worker.TestWorker.execute(TestWorker.java:100) ~[na:na]
?[0m?[0;34m	at org.gradle.api.internal.tasks.testing.worker.TestWorker.execute(TestWorker.java:60) ~[na:na]
?[0m?[0;34m	at org.gradle.process.internal.worker.child.ActionExecutionWorker.execute(ActionExecutionWorker.java:56) ~[na:na]
?[0m?[0;34m	at org.gradle.process.internal.worker.child.SystemApplicationClassLoaderWorker.call(SystemApplicationClassLoaderWorker.java:113) ~[na:na]
?[0m?[0;34m	at org.gradle.process.internal.worker.child.SystemApplicationClassLoaderWorker.call(SystemApplicationClassLoaderWorker.java:65) ~[na:na]
?[0m?[0;34m	at worker.org.gradle.process.internal.worker.GradleWorkerMain.run(GradleWorkerMain.java:69) ~[gradle-worker.jar:na]
?[0m?[0;34m	at worker.org.gradle.process.internal.worker.GradleWorkerMain.main(GradleWorkerMain.java:74) ~[gradle-worker.jar:na]
?[0m?[0;34m
?[0m?[0;34m?[2m2023-06-28T13:48:18.580-04:00?[0;39m ?[33m WARN?[0;39m ?[35m5672?[0;39m ?[2m---?[0;39m ?[2m[    Test worker]?[0;39m ?[36m.t.u.s.PrivilegedSetAccessControlContext?[0;39m ?[2m:?[0;39m Unable to set field Thread.inheritedAccessControlContext
?[0m?[0;34m
?[0m?[0;34mjava.lang.IllegalAccessException: class org.apache.tomcat.util.security.PrivilegedSetAccessControlContext cannot access a member of class java.lang.Thread (in module java.base) with modifiers "private"
?[0m?[0;34m	at java.base/jdk.internal.reflect.Reflection.newIllegalAccessException(Reflection.java:392) ~[na:na]
?[0m?[0;34m	at java.base/java.lang.reflect.AccessibleObject.checkAccess(AccessibleObject.java:674) ~[na:na]
?[0m?[0;34m	at java.base/java.lang.reflect.Field.checkAccess(Field.java:1102) ~[na:na]
?[0m?[0;34m	at java.base/java.lang.reflect.Field.set(Field.java:797) ~[na:na]
?[0m?[0;34m	at org.apache.tomcat.util.security.PrivilegedSetAccessControlContext.run(PrivilegedSetAccessControlContext.java:60) ~[tomcat-embed-core-10.1.5.jar:10.1.5]
?[0m?[0;34m	at org.apache.tomcat.util.security.PrivilegedSetAccessControlContext.run(PrivilegedSetAccessControlContext.java:28) ~[tomcat-embed-core-10.1.5.jar:10.1.5]
?[0m?[0;34m	at java.base/java.security.AccessController.doPrivileged(AccessController.java:318) ~[na:na]
?[0m?[0;34m	at org.apache.tomcat.util.threads.TaskThreadFactory.newThread(TaskThreadFactory.java:64) ~[tomcat-embed-core-10.1.5.jar:10.1.5]
?[0m?[0;34m	at org.apache.tomcat.util.threads.ThreadPoolExecutor$Worker.<init>(ThreadPoolExecutor.java:653) ~[tomcat-embed-core-10.1.5.jar:10.1.5]
?[0m?[0;34m	at org.apache.tomcat.util.threads.ThreadPoolExecutor.addWorker(ThreadPoolExecutor.java:957) ~[tomcat-embed-core-10.1.5.jar:10.1.5]
?[0m?[0;34m	at org.apache.tomcat.util.threads.ThreadPoolExecutor.prestartAllCoreThreads(ThreadPoolExecutor.java:1694) ~[tomcat-embed-core-10.1.5.jar:10.1.5]
?[0m?[0;34m	at org.apache.tomcat.util.threads.ThreadPoolExecutor.<init>(ThreadPoolExecutor.java:1370) ~[tomcat-embed-core-10.1.5.jar:10.1.5]
?[0m?[0;34m	at org.apache.tomcat.util.threads.ThreadPoolExecutor.<init>(ThreadPoolExecutor.java:1280) ~[tomcat-embed-core-10.1.5.jar:10.1.5]
?[0m?[0;34m	at org.apache.tomcat.util.net.AbstractEndpoint.createExecutor(AbstractEndpoint.java:948) ~[tomcat-embed-core-10.1.5.jar:10.1.5]
?[0m?[0;34m	at org.apache.tomcat.util.net.NioEndpoint.startInternal(NioEndpoint.java:279) ~[tomcat-embed-core-10.1.5.jar:10.1.5]
?[0m?[0;34m	at org.apache.tomcat.util.net.AbstractEndpoint.start(AbstractEndpoint.java:1261) ~[tomcat-embed-core-10.1.5.jar:10.1.5]
?[0m?[0;34m	at org.apache.coyote.AbstractProtocol.start(AbstractProtocol.java:586) ~[tomcat-embed-core-10.1.5.jar:10.1.5]
?[0m?[0;34m	at org.apache.catalina.connector.Connector.startInternal(Connector.java:1081) ~[tomcat-embed-core-10.1.5.jar:10.1.5]
?[0m?[0;34m	at org.apache.catalina.util.LifecycleBase.start(LifecycleBase.java:183) ~[tomcat-embed-core-10.1.5.jar:10.1.5]
?[0m?[0;34m	at org.apache.catalina.core.StandardService.addConnector(StandardService.java:234) ~[tomcat-embed-core-10.1.5.jar:10.1.5]
?[0m?[0;34m	at org.springframework.boot.web.embedded.tomcat.TomcatWebServer.addPreviouslyRemovedConnectors(TomcatWebServer.java:282) ~[spring-boot-3.0.2.jar:3.0.2]
?[0m?[0;34m	at org.springframework.boot.web.embedded.tomcat.TomcatWebServer.start(TomcatWebServer.java:213) ~[spring-boot-3.0.2.jar:3.0.2]
?[0m?[0;34m	at org.springframework.boot.web.servlet.context.WebServerStartStopLifecycle.start(WebServerStartStopLifecycle.java:44) ~[spring-boot-3.0.2.jar:3.0.2]
?[0m?[0;34m	at org.springframework.context.support.DefaultLifecycleProcessor.doStart(DefaultLifecycleProcessor.java:178) ~[spring-context-6.0.4.jar:6.0.4]
?[0m?[0;34m	at org.springframework.context.support.DefaultLifecycleProcessor$LifecycleGroup.start(DefaultLifecycleProcessor.java:356) ~[spring-context-6.0.4.jar:6.0.4]
?[0m?[0;34m	at java.base/java.lang.Iterable.forEach(Iterable.java:75) ~[na:na]
?[0m?[0;34m	at org.springframework.context.support.DefaultLifecycleProcessor.startBeans(DefaultLifecycleProcessor.java:155) ~[spring-context-6.0.4.jar:6.0.4]
?[0m?[0;34m	at org.springframework.context.support.DefaultLifecycleProcessor.onRefresh(DefaultLifecycleProcessor.java:123) ~[spring-context-6.0.4.jar:6.0.4]
?[0m?[0;34m	at org.springframework.context.support.AbstractApplicationContext.finishRefresh(AbstractApplicationContext.java:932) ~[spring-context-6.0.4.jar:6.0.4]
?[0m?[0;34m	at org.springframework.context.support.AbstractApplicationContext.refresh(AbstractApplicationContext.java:587) ~[spring-context-6.0.4.jar:6.0.4]
?[0m?[0;34m	at org.springframework.boot.web.servlet.context.ServletWebServerApplicationContext.refresh(ServletWebServerApplicationContext.java:146) ~[spring-boot-3.0.2.jar:3.0.2]
?[0m?[0;34m	at org.springframework.boot.SpringApplication.refresh(SpringApplication.java:730) ~[spring-boot-3.0.2.jar:3.0.2]
?[0m?[0;34m	at org.springframework.boot.SpringApplication.refreshContext(SpringApplication.java:432) ~[spring-boot-3.0.2.jar:3.0.2]
?[0m?[0;34m	at org.springframework.boot.SpringApplication.run(SpringApplication.java:308) ~[spring-boot-3.0.2.jar:3.0.2]
?[0m?[0;34m	at org.springframework.boot.SpringApplication.run(SpringApplication.java:1302) ~[spring-boot-3.0.2.jar:3.0.2]
?[0m?[0;34m	at org.springframework.boot.SpringApplication.run(SpringApplication.java:1291) ~[spring-boot-3.0.2.jar:3.0.2]
?[0m?[0;34m	at account.AccountServiceApplication.main(AccountServiceApplication.java:10) ~[main/:na]
?[0m?[0;34m	at java.base/jdk.internal.reflect.NativeMethodAccessorImpl.invoke0(Native Method) ~[na:na]
?[0m?[0;34m	at java.base/jdk.internal.reflect.NativeMethodAccessorImpl.invoke(NativeMethodAccessorImpl.java:77) ~[na:na]
?[0m?[0;34m	at java.base/jdk.internal.reflect.DelegatingMethodAccessorImpl.invoke(DelegatingMethodAccessorImpl.java:43) ~[na:na]
?[0m?[0;34m	at java.base/java.lang.reflect.Method.invoke(Method.java:568) ~[na:na]
?[0m?[0;34m	at org.hyperskill.hstest.stage.SpringTest.startSpring(SpringTest.java:187) ~[hs-test-release-SNAPSHOT.jar:na]
?[0m?[0;34m	at org.hyperskill.hstest.stage.SpringTest.launchSpring(SpringTest.java:49) ~[hs-test-release-SNAPSHOT.jar:na]
?[0m?[0;34m	at org.hyperskill.hstest.testing.runner.SpringApplicationRunner.launchSpringBootApplication(SpringApplicationRunner.java:20) ~[hs-test-release-SNAPSHOT.jar:na]
?[0m?[0;34m	at org.hyperskill.hstest.testing.runner.SpringApplicationRunner.setUp(SpringApplicationRunner.java:35) ~[hs-test-release-SNAPSHOT.jar:na]
?[0m?[0;34m	at org.hyperskill.hstest.testing.TestRun.setUp(TestRun.java:77) ~[hs-test-release-SNAPSHOT.jar:na]
?[0m?[0;34m	at org.hyperskill.hstest.stage.StageTest.start(StageTest.java:159) ~[hs-test-release-SNAPSHOT.jar:na]
?[0m?[0;34m	at java.base/jdk.internal.reflect.NativeMethodAccessorImpl.invoke0(Native Method) ~[na:na]
?[0m?[0;34m	at java.base/jdk.internal.reflect.NativeMethodAccessorImpl.invoke(NativeMethodAccessorImpl.java:77) ~[na:na]
?[0m?[0;34m	at java.base/jdk.internal.reflect.DelegatingMethodAccessorImpl.invoke(DelegatingMethodAccessorImpl.java:43) ~[na:na]
?[0m?[0;34m	at java.base/java.lang.reflect.Method.invoke(Method.java:568) ~[na:na]
?[0m?[0;34m	at org.junit.runners.model.FrameworkMethod$1.runReflectiveCall(FrameworkMethod.java:59) ~[junit-4.13.2.jar:4.13.2]
?[0m?[0;34m	at org.junit.internal.runners.model.ReflectiveCallable.run(ReflectiveCallable.java:12) ~[junit-4.13.2.jar:4.13.2]
?[0m?[0;34m	at org.junit.runners.model.FrameworkMethod.invokeExplosively(FrameworkMethod.java:56) ~[junit-4.13.2.jar:4.13.2]
?[0m?[0;34m	at org.junit.internal.runners.statements.InvokeMethod.evaluate(InvokeMethod.java:17) ~[junit-4.13.2.jar:4.13.2]
?[0m?[0;34m	at org.junit.internal.runners.statements.RunAfters.evaluate(RunAfters.java:27) ~[junit-4.13.2.jar:4.13.2]
?[0m?[0;34m	at org.junit.runners.ParentRunner$3.evaluate(ParentRunner.java:306) ~[junit-4.13.2.jar:4.13.2]
?[0m?[0;34m	at org.junit.runners.BlockJUnit4ClassRunner$1.evaluate(BlockJUnit4ClassRunner.java:100) ~[junit-4.13.2.jar:4.13.2]
?[0m?[0;34m	at org.junit.runners.ParentRunner.runLeaf(ParentRunner.java:366) ~[junit-4.13.2.jar:4.13.2]
?[0m?[0;34m	at org.junit.runners.BlockJUnit4ClassRunner.runChild(BlockJUnit4ClassRunner.java:103) ~[junit-4.13.2.jar:4.13.2]
?[0m?[0;34m	at org.junit.runners.BlockJUnit4ClassRunner.runChild(BlockJUnit4ClassRunner.java:63) ~[junit-4.13.2.jar:4.13.2]
?[0m?[0;34m	at org.junit.runners.ParentRunner$4.run(ParentRunner.java:331) ~[junit-4.13.2.jar:4.13.2]
?[0m?[0;34m	at org.junit.runners.ParentRunner$1.schedule(ParentRunner.java:79) ~[junit-4.13.2.jar:4.13.2]
?[0m?[0;34m	at org.junit.runners.ParentRunner.runChildren(ParentRunner.java:329) ~[junit-4.13.2.jar:4.13.2]
?[0m?[0;34m	at org.junit.runners.ParentRunner.access$100(ParentRunner.java:66) ~[junit-4.13.2.jar:4.13.2]
?[0m?[0;34m	at org.junit.runners.ParentRunner$2.evaluate(ParentRunner.java:293) ~[junit-4.13.2.jar:4.13.2]
?[0m?[0;34m	at org.junit.runners.ParentRunner$3.evaluate(ParentRunner.java:306) ~[junit-4.13.2.jar:4.13.2]
?[0m?[0;34m	at org.junit.runners.ParentRunner.run(ParentRunner.java:413) ~[junit-4.13.2.jar:4.13.2]
?[0m?[0;34m	at org.gradle.api.internal.tasks.testing.junit.JUnitTestClassExecutor.runTestClass(JUnitTestClassExecutor.java:108) ~[na:na]
?[0m?[0;34m	at org.gradle.api.internal.tasks.testing.junit.JUnitTestClassExecutor.execute(JUnitTestClassExecutor.java:57) ~[na:na]
?[0m?[0;34m	at org.gradle.api.internal.tasks.testing.junit.JUnitTestClassExecutor.execute(JUnitTestClassExecutor.java:39) ~[na:na]
?[0m?[0;34m	at org.gradle.api.internal.tasks.testing.junit.AbstractJUnitTestClassProcessor.processTestClass(AbstractJUnitTestClassProcessor.java:62) ~[na:na]
?[0m?[0;34m	at org.gradle.api.internal.tasks.testing.SuiteTestClassProcessor.processTestClass(SuiteTestClassProcessor.java:52) ~[na:na]
?[0m?[0;34m	at java.base/jdk.internal.reflect.NativeMethodAccessorImpl.invoke0(Native Method) ~[na:na]
?[0m?[0;34m	at java.base/jdk.internal.reflect.NativeMethodAccessorImpl.invoke(NativeMethodAccessorImpl.java:77) ~[na:na]
?[0m?[0;34m	at java.base/jdk.internal.reflect.DelegatingMethodAccessorImpl.invoke(DelegatingMethodAccessorImpl.java:43) ~[na:na]
?[0m?[0;34m	at java.base/java.lang.reflect.Method.invoke(Method.java:568) ~[na:na]
?[0m?[0;34m	at org.gradle.internal.dispatch.ReflectionDispatch.dispatch(ReflectionDispatch.java:36) ~[na:na]
?[0m?[0;34m	at org.gradle.internal.dispatch.ReflectionDispatch.dispatch(ReflectionDispatch.java:24) ~[na:na]
?[0m?[0;34m	at org.gradle.internal.dispatch.ContextClassLoaderDispatch.dispatch(ContextClassLoaderDispatch.java:33) ~[na:na]
?[0m?[0;34m	at org.gradle.internal.dispatch.ProxyDispatchAdapter$DispatchingInvocationHandler.invoke(ProxyDispatchAdapter.java:94) ~[na:na]
?[0m?[0;34m	at jdk.proxy1/jdk.proxy1.$Proxy2.processTestClass(Unknown Source) ~[na:na]
?[0m?[0;34m	at org.gradle.api.internal.tasks.testing.worker.TestWorker$2.run(TestWorker.java:176) ~[na:na]
?[0m?[0;34m	at org.gradle.api.internal.tasks.testing.worker.TestWorker.executeAndMaintainThreadName(TestWorker.java:129) ~[na:na]
?[0m?[0;34m	at org.gradle.api.internal.tasks.testing.worker.TestWorker.execute(TestWorker.java:100) ~[na:na]
?[0m?[0;34m	at org.gradle.api.internal.tasks.testing.worker.TestWorker.execute(TestWorker.java:60) ~[na:na]
?[0m?[0;34m	at org.gradle.process.internal.worker.child.ActionExecutionWorker.execute(ActionExecutionWorker.java:56) ~[na:na]
?[0m?[0;34m	at org.gradle.process.internal.worker.child.SystemApplicationClassLoaderWorker.call(SystemApplicationClassLoaderWorker.java:113) ~[na:na]
?[0m?[0;34m	at org.gradle.process.internal.worker.child.SystemApplicationClassLoaderWorker.call(SystemApplicationClassLoaderWorker.java:65) ~[na:na]
?[0m?[0;34m	at worker.org.gradle.process.internal.worker.GradleWorkerMain.run(GradleWorkerMain.java:69) ~[gradle-worker.jar:na]
?[0m?[0;34m	at worker.org.gradle.process.internal.worker.GradleWorkerMain.main(GradleWorkerMain.java:74) ~[gradle-worker.jar:na]
?[0m?[0;34m
?[0m?[0;34m?[2m2023-06-28T13:48:18.592-04:00?[0;39m ?[32m INFO?[0;39m ?[35m5672?[0;39m ?[2m---?[0;39m ?[2m[    Test worker]?[0;39m ?[36mo.s.b.w.embedded.tomcat.TomcatWebServer ?[0;39m ?[2m:?[0;39m Tomcat started on port(s): 28852 (https) with context path ''
?[0m?[0;34m?[2m2023-06-28T13:48:18.604-04:00?[0;39m ?[32m INFO?[0;39m ?[35m5672?[0;39m ?[2m---?[0;39m ?[2m[    Test worker]?[0;39m ?[36maccount.AccountServiceApplication       ?[0;39m ?[2m:?[0;39m Started AccountServiceApplication in 5.337 seconds (process running for 6.124)
?[0m?[0;34mCN=accountant_service, OU=accountant_service, O=accountant_service, L=accountant_service, ST=accountant_service, C=CN SHA256withRSA
?[0m]]></system-out>
  <system-err><![CDATA[]]></system-err>
</testsuite>
